{"C:\\Users\\Erwin14k\\Documents\\GitHub\\AYD1_P1_G1\\backend\\src\\controllers\\admin.js": {"path":"C:\\Users\\Erwin14k\\Documents\\GitHub\\AYD1_P1_G1\\backend\\src\\controllers\\admin.js","statementMap":{"0":{"start":{"line":1,"column":14},"end":{"line":1,"column":40}},"1":{"start":{"line":2,"column":15},"end":{"line":2,"column":34}},"2":{"start":{"line":5,"column":0},"end":{"line":64,"column":2}},"3":{"start":{"line":8,"column":13},"end":{"line":11,"column":3}},"4":{"start":{"line":12,"column":2},"end":{"line":63,"column":3}},"5":{"start":{"line":13,"column":23},"end":{"line":13,"column":64}},"6":{"start":{"line":15,"column":4},"end":{"line":21,"column":5}},"7":{"start":{"line":17,"column":6},"end":{"line":20,"column":9}},"8":{"start":{"line":23,"column":30},"end":{"line":23,"column":60}},"9":{"start":{"line":25,"column":4},"end":{"line":50,"column":5}},"10":{"start":{"line":27,"column":27},"end":{"line":27,"column":65}},"11":{"start":{"line":29,"column":6},"end":{"line":49,"column":7}},"12":{"start":{"line":30,"column":8},"end":{"line":30,"column":76}},"13":{"start":{"line":32,"column":21},"end":{"line":32,"column":44}},"14":{"start":{"line":34,"column":8},"end":{"line":48,"column":13}},"15":{"start":{"line":52,"column":4},"end":{"line":55,"column":83}},"16":{"start":{"line":57,"column":4},"end":{"line":57,"column":23}},"17":{"start":{"line":59,"column":4},"end":{"line":62,"column":32}}},"fnMap":{"0":{"name":"(anonymous_0)","decl":{"start":{"line":5,"column":28},"end":{"line":5,"column":29}},"loc":{"start":{"line":5,"column":54},"end":{"line":64,"column":1}},"line":5}},"branchMap":{"0":{"loc":{"start":{"line":15,"column":4},"end":{"line":21,"column":5}},"type":"if","locations":[{"start":{"line":15,"column":4},"end":{"line":21,"column":5}},{"start":{},"end":{}}],"line":15},"1":{"loc":{"start":{"line":15,"column":7},"end":{"line":15,"column":69}},"type":"binary-expr","locations":[{"start":{"line":15,"column":7},"end":{"line":15,"column":28}},{"start":{"line":15,"column":31},"end":{"line":15,"column":69}}],"line":15},"2":{"loc":{"start":{"line":25,"column":4},"end":{"line":50,"column":5}},"type":"if","locations":[{"start":{"line":25,"column":4},"end":{"line":50,"column":5}},{"start":{},"end":{}}],"line":25},"3":{"loc":{"start":{"line":29,"column":6},"end":{"line":49,"column":7}},"type":"if","locations":[{"start":{"line":29,"column":6},"end":{"line":49,"column":7}},{"start":{},"end":{}}],"line":29}},"s":{"0":1,"1":1,"2":1,"3":4,"4":4,"5":4,"6":3,"7":1,"8":2,"9":2,"10":1,"11":1,"12":0,"13":0,"14":0,"15":2,"16":1,"17":1},"f":{"0":4},"b":{"0":[1,2],"1":[3,3],"2":[1,1],"3":[0,1]},"_coverageSchema":"1a1c01bbd47fc00a2c39e90264f33305004495a9","hash":"a0de24c825e76536a0a8c27d0ced54ed48a8283d"}
,"C:\\Users\\Erwin14k\\Documents\\GitHub\\AYD1_P1_G1\\backend\\src\\routes\\admin.js": {"path":"C:\\Users\\Erwin14k\\Documents\\GitHub\\AYD1_P1_G1\\backend\\src\\routes\\admin.js","statementMap":{"0":{"start":{"line":1,"column":16},"end":{"line":1,"column":34}},"1":{"start":{"line":2,"column":15},"end":{"line":2,"column":31}},"2":{"start":{"line":6,"column":4},"end":{"line":6,"column":35}},"3":{"start":{"line":8,"column":0},"end":{"line":8,"column":40}},"4":{"start":{"line":10,"column":0},"end":{"line":10,"column":24}}},"fnMap":{},"branchMap":{},"s":{"0":1,"1":1,"2":1,"3":1,"4":1},"f":{},"b":{},"_coverageSchema":"1a1c01bbd47fc00a2c39e90264f33305004495a9","hash":"dfb009d35327ea5da5543ba8409fbb141f8d5dd7"}
}
