{"C:\\Users\\kevin\\Escritorio\\AYD1_P1_G1\\backend\\src\\index.js": {"path":"C:\\Users\\kevin\\Escritorio\\AYD1_P1_G1\\backend\\src\\index.js","statementMap":{"0":{"start":{"line":2,"column":16},"end":{"line":2,"column":34}},"1":{"start":{"line":3,"column":12},"end":{"line":3,"column":21}},"2":{"start":{"line":4,"column":14},"end":{"line":4,"column":35}},"3":{"start":{"line":5,"column":19},"end":{"line":5,"column":45}},"4":{"start":{"line":6,"column":13},"end":{"line":6,"column":28}},"5":{"start":{"line":7,"column":16},"end":{"line":7,"column":40}},"6":{"start":{"line":8,"column":14},"end":{"line":8,"column":38}},"7":{"start":{"line":11,"column":19},"end":{"line":11,"column":44}},"8":{"start":{"line":12,"column":24},"end":{"line":12,"column":53}},"9":{"start":{"line":13,"column":18},"end":{"line":13,"column":42}},"10":{"start":{"line":14,"column":23},"end":{"line":14,"column":51}},"11":{"start":{"line":15,"column":24},"end":{"line":15,"column":55}},"12":{"start":{"line":16,"column":30},"end":{"line":16,"column":65}},"13":{"start":{"line":17,"column":20},"end":{"line":17,"column":47}},"14":{"start":{"line":18,"column":26},"end":{"line":18,"column":57}},"15":{"start":{"line":19,"column":21},"end":{"line":19,"column":45}},"16":{"start":{"line":22,"column":0},"end":{"line":22,"column":51}},"17":{"start":{"line":23,"column":0},"end":{"line":23,"column":19}},"18":{"start":{"line":24,"column":0},"end":{"line":24,"column":24}},"19":{"start":{"line":25,"column":0},"end":{"line":25,"column":21}},"20":{"start":{"line":26,"column":0},"end":{"line":26,"column":20}},"21":{"start":{"line":27,"column":0},"end":{"line":27,"column":27}},"22":{"start":{"line":28,"column":0},"end":{"line":28,"column":23}},"23":{"start":{"line":29,"column":0},"end":{"line":29,"column":15}},"24":{"start":{"line":30,"column":0},"end":{"line":30,"column":25}},"25":{"start":{"line":31,"column":0},"end":{"line":31,"column":24}},"26":{"start":{"line":32,"column":0},"end":{"line":32,"column":31}},"27":{"start":{"line":33,"column":0},"end":{"line":33,"column":27}},"28":{"start":{"line":34,"column":0},"end":{"line":34,"column":23}},"29":{"start":{"line":37,"column":0},"end":{"line":48,"column":5}},"30":{"start":{"line":40,"column":4},"end":{"line":40,"column":45}},"31":{"start":{"line":41,"column":4},"end":{"line":43,"column":7}},"32":{"start":{"line":42,"column":6},"end":{"line":42,"column":60}},"33":{"start":{"line":46,"column":4},"end":{"line":46,"column":23}},"34":{"start":{"line":47,"column":4},"end":{"line":47,"column":20}}},"fnMap":{"0":{"name":"(anonymous_0)","decl":{"start":{"line":39,"column":8},"end":{"line":39,"column":9}},"loc":{"start":{"line":39,"column":14},"end":{"line":44,"column":3}},"line":39},"1":{"name":"(anonymous_1)","decl":{"start":{"line":41,"column":28},"end":{"line":41,"column":29}},"loc":{"start":{"line":41,"column":34},"end":{"line":43,"column":5}},"line":41},"2":{"name":"(anonymous_2)","decl":{"start":{"line":45,"column":9},"end":{"line":45,"column":10}},"loc":{"start":{"line":45,"column":20},"end":{"line":48,"column":3}},"line":45}},"branchMap":{},"s":{"0":1,"1":1,"2":1,"3":1,"4":1,"5":1,"6":1,"7":1,"8":1,"9":1,"10":1,"11":1,"12":1,"13":1,"14":1,"15":1,"16":1,"17":1,"18":1,"19":1,"20":1,"21":1,"22":1,"23":1,"24":1,"25":1,"26":1,"27":1,"28":1,"29":1,"30":1,"31":1,"32":0,"33":0,"34":0},"f":{"0":1,"1":0,"2":0},"b":{},"_coverageSchema":"1a1c01bbd47fc00a2c39e90264f33305004495a9","hash":"cfcfbc0e82d7b6d6266556341dae47d1143e3477"}
,"C:\\Users\\kevin\\Escritorio\\AYD1_P1_G1\\backend\\src\\config\\amazonS3.js": {"path":"C:\\Users\\kevin\\Escritorio\\AYD1_P1_G1\\backend\\src\\config\\amazonS3.js","statementMap":{"0":{"start":{"line":1,"column":20},"end":{"line":1,"column":49}},"1":{"start":{"line":2,"column":15},"end":{"line":2,"column":32}},"2":{"start":{"line":3,"column":0},"end":{"line":3,"column":16}},"3":{"start":{"line":5,"column":0},"end":{"line":14,"column":2}}},"fnMap":{},"branchMap":{},"s":{"0":1,"1":1,"2":1,"3":1},"f":{},"b":{},"_coverageSchema":"1a1c01bbd47fc00a2c39e90264f33305004495a9","hash":"a9d1f3586af2d7a0e4ac0b619225d26c6773ac2a"}
,"C:\\Users\\kevin\\Escritorio\\AYD1_P1_G1\\backend\\src\\config\\config.js": {"path":"C:\\Users\\kevin\\Escritorio\\AYD1_P1_G1\\backend\\src\\config\\config.js","statementMap":{"0":{"start":{"line":1,"column":15},"end":{"line":1,"column":32}},"1":{"start":{"line":2,"column":0},"end":{"line":2,"column":16}},"2":{"start":{"line":4,"column":0},"end":{"line":15,"column":2}}},"fnMap":{},"branchMap":{},"s":{"0":1,"1":1,"2":1},"f":{},"b":{},"_coverageSchema":"1a1c01bbd47fc00a2c39e90264f33305004495a9","hash":"114cf881ebc87e177b367954d8f7e548613f0002"}
,"C:\\Users\\kevin\\Escritorio\\AYD1_P1_G1\\backend\\src\\controllers\\admin.js": {"path":"C:\\Users\\kevin\\Escritorio\\AYD1_P1_G1\\backend\\src\\controllers\\admin.js","statementMap":{"0":{"start":{"line":1,"column":14},"end":{"line":1,"column":40}},"1":{"start":{"line":2,"column":15},"end":{"line":2,"column":34}},"2":{"start":{"line":5,"column":0},"end":{"line":64,"column":2}},"3":{"start":{"line":8,"column":13},"end":{"line":11,"column":3}},"4":{"start":{"line":12,"column":2},"end":{"line":63,"column":3}},"5":{"start":{"line":13,"column":23},"end":{"line":13,"column":64}},"6":{"start":{"line":15,"column":4},"end":{"line":21,"column":5}},"7":{"start":{"line":17,"column":6},"end":{"line":20,"column":9}},"8":{"start":{"line":23,"column":30},"end":{"line":23,"column":60}},"9":{"start":{"line":25,"column":4},"end":{"line":50,"column":5}},"10":{"start":{"line":27,"column":27},"end":{"line":27,"column":65}},"11":{"start":{"line":29,"column":6},"end":{"line":49,"column":7}},"12":{"start":{"line":30,"column":8},"end":{"line":30,"column":76}},"13":{"start":{"line":32,"column":21},"end":{"line":32,"column":44}},"14":{"start":{"line":34,"column":8},"end":{"line":48,"column":13}},"15":{"start":{"line":52,"column":4},"end":{"line":55,"column":83}},"16":{"start":{"line":57,"column":4},"end":{"line":57,"column":23}},"17":{"start":{"line":59,"column":4},"end":{"line":62,"column":32}}},"fnMap":{"0":{"name":"(anonymous_0)","decl":{"start":{"line":5,"column":28},"end":{"line":5,"column":29}},"loc":{"start":{"line":5,"column":54},"end":{"line":64,"column":1}},"line":5}},"branchMap":{"0":{"loc":{"start":{"line":15,"column":4},"end":{"line":21,"column":5}},"type":"if","locations":[{"start":{"line":15,"column":4},"end":{"line":21,"column":5}},{"start":{},"end":{}}],"line":15},"1":{"loc":{"start":{"line":15,"column":7},"end":{"line":15,"column":69}},"type":"binary-expr","locations":[{"start":{"line":15,"column":7},"end":{"line":15,"column":28}},{"start":{"line":15,"column":31},"end":{"line":15,"column":69}}],"line":15},"2":{"loc":{"start":{"line":25,"column":4},"end":{"line":50,"column":5}},"type":"if","locations":[{"start":{"line":25,"column":4},"end":{"line":50,"column":5}},{"start":{},"end":{}}],"line":25},"3":{"loc":{"start":{"line":29,"column":6},"end":{"line":49,"column":7}},"type":"if","locations":[{"start":{"line":29,"column":6},"end":{"line":49,"column":7}},{"start":{},"end":{}}],"line":29}},"s":{"0":1,"1":1,"2":1,"3":0,"4":0,"5":0,"6":0,"7":0,"8":0,"9":0,"10":0,"11":0,"12":0,"13":0,"14":0,"15":0,"16":0,"17":0},"f":{"0":0},"b":{"0":[0,0],"1":[0,0],"2":[0,0],"3":[0,0]},"_coverageSchema":"1a1c01bbd47fc00a2c39e90264f33305004495a9","hash":"adb6bf51f72a31969010901122ad051e8a139752"}
,"C:\\Users\\kevin\\Escritorio\\AYD1_P1_G1\\backend\\src\\controllers\\company.js": {"path":"C:\\Users\\kevin\\Escritorio\\AYD1_P1_G1\\backend\\src\\controllers\\company.js","statementMap":{"0":{"start":{"line":1,"column":16},"end":{"line":1,"column":44}},"1":{"start":{"line":2,"column":15},"end":{"line":2,"column":34}},"2":{"start":{"line":3,"column":15},"end":{"line":3,"column":50}},"3":{"start":{"line":5,"column":0},"end":{"line":41,"column":2}},"4":{"start":{"line":7,"column":2},"end":{"line":40,"column":5}},"5":{"start":{"line":9,"column":4},"end":{"line":39,"column":5}},"6":{"start":{"line":10,"column":6},"end":{"line":10,"column":28}},"7":{"start":{"line":11,"column":6},"end":{"line":11,"column":28}},"8":{"start":{"line":14,"column":64},"end":{"line":14,"column":72}},"9":{"start":{"line":15,"column":26},"end":{"line":15,"column":43}},"10":{"start":{"line":16,"column":22},"end":{"line":16,"column":34}},"11":{"start":{"line":19,"column":6},"end":{"line":36,"column":7}},"12":{"start":{"line":20,"column":26},"end":{"line":20,"column":64}},"13":{"start":{"line":22,"column":8},"end":{"line":25,"column":9}},"14":{"start":{"line":24,"column":10},"end":{"line":24,"column":195}},"15":{"start":{"line":27,"column":8},"end":{"line":29,"column":50}},"16":{"start":{"line":30,"column":8},"end":{"line":32,"column":10}},"17":{"start":{"line":34,"column":8},"end":{"line":34,"column":27}},"18":{"start":{"line":35,"column":8},"end":{"line":35,"column":115}},"19":{"start":{"line":38,"column":6},"end":{"line":38,"column":90}},"20":{"start":{"line":43,"column":0},"end":{"line":117,"column":2}},"21":{"start":{"line":44,"column":13},"end":{"line":47,"column":3}},"22":{"start":{"line":49,"column":2},"end":{"line":116,"column":3}},"23":{"start":{"line":50,"column":23},"end":{"line":50,"column":68}},"24":{"start":{"line":52,"column":4},"end":{"line":58,"column":5}},"25":{"start":{"line":54,"column":6},"end":{"line":57,"column":9}},"26":{"start":{"line":59,"column":4},"end":{"line":65,"column":5}},"27":{"start":{"line":61,"column":6},"end":{"line":64,"column":9}},"28":{"start":{"line":66,"column":4},"end":{"line":72,"column":5}},"29":{"start":{"line":68,"column":6},"end":{"line":71,"column":9}},"30":{"start":{"line":74,"column":30},"end":{"line":74,"column":62}},"31":{"start":{"line":76,"column":4},"end":{"line":103,"column":5}},"32":{"start":{"line":78,"column":27},"end":{"line":78,"column":67}},"33":{"start":{"line":80,"column":6},"end":{"line":102,"column":7}},"34":{"start":{"line":81,"column":8},"end":{"line":81,"column":82}},"35":{"start":{"line":83,"column":21},"end":{"line":83,"column":46}},"36":{"start":{"line":85,"column":8},"end":{"line":101,"column":13}},"37":{"start":{"line":105,"column":4},"end":{"line":108,"column":83}},"38":{"start":{"line":110,"column":4},"end":{"line":110,"column":23}},"39":{"start":{"line":112,"column":4},"end":{"line":115,"column":31}}},"fnMap":{"0":{"name":"(anonymous_0)","decl":{"start":{"line":5,"column":37},"end":{"line":5,"column":38}},"loc":{"start":{"line":5,"column":57},"end":{"line":41,"column":1}},"line":5},"1":{"name":"(anonymous_1)","decl":{"start":{"line":7,"column":33},"end":{"line":7,"column":34}},"loc":{"start":{"line":7,"column":48},"end":{"line":40,"column":3}},"line":7},"2":{"name":"(anonymous_2)","decl":{"start":{"line":43,"column":30},"end":{"line":43,"column":31}},"loc":{"start":{"line":43,"column":56},"end":{"line":117,"column":1}},"line":43}},"branchMap":{"0":{"loc":{"start":{"line":9,"column":4},"end":{"line":39,"column":5}},"type":"if","locations":[{"start":{"line":9,"column":4},"end":{"line":39,"column":5}},{"start":{"line":37,"column":9},"end":{"line":39,"column":5}}],"line":9},"1":{"loc":{"start":{"line":22,"column":8},"end":{"line":25,"column":9}},"type":"if","locations":[{"start":{"line":22,"column":8},"end":{"line":25,"column":9}},{"start":{},"end":{}}],"line":22},"2":{"loc":{"start":{"line":22,"column":11},"end":{"line":22,"column":58}},"type":"binary-expr","locations":[{"start":{"line":22,"column":11},"end":{"line":22,"column":31}},{"start":{"line":22,"column":34},"end":{"line":22,"column":58}}],"line":22},"3":{"loc":{"start":{"line":52,"column":4},"end":{"line":58,"column":5}},"type":"if","locations":[{"start":{"line":52,"column":4},"end":{"line":58,"column":5}},{"start":{},"end":{}}],"line":52},"4":{"loc":{"start":{"line":52,"column":7},"end":{"line":52,"column":117}},"type":"binary-expr","locations":[{"start":{"line":52,"column":7},"end":{"line":52,"column":28}},{"start":{"line":52,"column":32},"end":{"line":52,"column":72}},{"start":{"line":52,"column":76},"end":{"line":52,"column":117}}],"line":52},"5":{"loc":{"start":{"line":59,"column":4},"end":{"line":65,"column":5}},"type":"if","locations":[{"start":{"line":59,"column":4},"end":{"line":65,"column":5}},{"start":{},"end":{}}],"line":59},"6":{"loc":{"start":{"line":59,"column":7},"end":{"line":59,"column":118}},"type":"binary-expr","locations":[{"start":{"line":59,"column":7},"end":{"line":59,"column":28}},{"start":{"line":59,"column":32},"end":{"line":59,"column":72}},{"start":{"line":59,"column":76},"end":{"line":59,"column":118}}],"line":59},"7":{"loc":{"start":{"line":66,"column":4},"end":{"line":72,"column":5}},"type":"if","locations":[{"start":{"line":66,"column":4},"end":{"line":72,"column":5}},{"start":{},"end":{}}],"line":66},"8":{"loc":{"start":{"line":66,"column":7},"end":{"line":66,"column":118}},"type":"binary-expr","locations":[{"start":{"line":66,"column":7},"end":{"line":66,"column":28}},{"start":{"line":66,"column":32},"end":{"line":66,"column":72}},{"start":{"line":66,"column":76},"end":{"line":66,"column":118}}],"line":66},"9":{"loc":{"start":{"line":76,"column":4},"end":{"line":103,"column":5}},"type":"if","locations":[{"start":{"line":76,"column":4},"end":{"line":103,"column":5}},{"start":{},"end":{}}],"line":76},"10":{"loc":{"start":{"line":80,"column":6},"end":{"line":102,"column":7}},"type":"if","locations":[{"start":{"line":80,"column":6},"end":{"line":102,"column":7}},{"start":{},"end":{}}],"line":80}},"s":{"0":1,"1":1,"2":1,"3":1,"4":0,"5":0,"6":0,"7":0,"8":0,"9":0,"10":0,"11":0,"12":0,"13":0,"14":0,"15":0,"16":0,"17":0,"18":0,"19":0,"20":1,"21":0,"22":0,"23":0,"24":0,"25":0,"26":0,"27":0,"28":0,"29":0,"30":0,"31":0,"32":0,"33":0,"34":0,"35":0,"36":0,"37":0,"38":0,"39":0},"f":{"0":0,"1":0,"2":0},"b":{"0":[0,0],"1":[0,0],"2":[0,0],"3":[0,0],"4":[0,0,0],"5":[0,0],"6":[0,0,0],"7":[0,0],"8":[0,0,0],"9":[0,0],"10":[0,0]},"_coverageSchema":"1a1c01bbd47fc00a2c39e90264f33305004495a9","hash":"3b772d172d84350be7272ea8b022e6abc5c068f9"}
,"C:\\Users\\kevin\\Escritorio\\AYD1_P1_G1\\backend\\src\\controllers\\deliveryMan.js": {"path":"C:\\Users\\kevin\\Escritorio\\AYD1_P1_G1\\backend\\src\\controllers\\deliveryMan.js","statementMap":{"0":{"start":{"line":1,"column":20},"end":{"line":1,"column":52}},"1":{"start":{"line":2,"column":15},"end":{"line":2,"column":34}},"2":{"start":{"line":3,"column":15},"end":{"line":3,"column":50}},"3":{"start":{"line":6,"column":0},"end":{"line":51,"column":2}},"4":{"start":{"line":8,"column":2},"end":{"line":50,"column":5}},"5":{"start":{"line":10,"column":4},"end":{"line":40,"column":5}},"6":{"start":{"line":16,"column":33},"end":{"line":16,"column":41}},"7":{"start":{"line":17,"column":32},"end":{"line":17,"column":49}},"8":{"start":{"line":18,"column":22},"end":{"line":18,"column":34}},"9":{"start":{"line":21,"column":6},"end":{"line":37,"column":7}},"10":{"start":{"line":22,"column":26},"end":{"line":22,"column":72}},"11":{"start":{"line":24,"column":8},"end":{"line":27,"column":9}},"12":{"start":{"line":26,"column":10},"end":{"line":26,"column":198}},"13":{"start":{"line":29,"column":8},"end":{"line":31,"column":109}},"14":{"start":{"line":32,"column":8},"end":{"line":33,"column":10}},"15":{"start":{"line":35,"column":8},"end":{"line":35,"column":27}},"16":{"start":{"line":36,"column":8},"end":{"line":36,"column":120}},"17":{"start":{"line":39,"column":6},"end":{"line":39,"column":90}},"18":{"start":{"line":55,"column":0},"end":{"line":127,"column":2}},"19":{"start":{"line":56,"column":13},"end":{"line":59,"column":3}},"20":{"start":{"line":60,"column":2},"end":{"line":126,"column":3}},"21":{"start":{"line":61,"column":23},"end":{"line":61,"column":76}},"22":{"start":{"line":63,"column":4},"end":{"line":69,"column":5}},"23":{"start":{"line":65,"column":6},"end":{"line":68,"column":9}},"24":{"start":{"line":70,"column":4},"end":{"line":76,"column":5}},"25":{"start":{"line":72,"column":6},"end":{"line":75,"column":9}},"26":{"start":{"line":77,"column":4},"end":{"line":83,"column":5}},"27":{"start":{"line":79,"column":6},"end":{"line":82,"column":9}},"28":{"start":{"line":85,"column":30},"end":{"line":85,"column":66}},"29":{"start":{"line":87,"column":4},"end":{"line":113,"column":5}},"30":{"start":{"line":89,"column":27},"end":{"line":89,"column":72}},"31":{"start":{"line":91,"column":6},"end":{"line":112,"column":7}},"32":{"start":{"line":92,"column":8},"end":{"line":92,"column":94}},"33":{"start":{"line":94,"column":21},"end":{"line":94,"column":50}},"34":{"start":{"line":96,"column":8},"end":{"line":111,"column":13}},"35":{"start":{"line":115,"column":4},"end":{"line":118,"column":94}},"36":{"start":{"line":120,"column":4},"end":{"line":120,"column":23}},"37":{"start":{"line":122,"column":4},"end":{"line":125,"column":42}}},"fnMap":{"0":{"name":"(anonymous_0)","decl":{"start":{"line":6,"column":41},"end":{"line":6,"column":42}},"loc":{"start":{"line":6,"column":61},"end":{"line":51,"column":1}},"line":6},"1":{"name":"(anonymous_1)","decl":{"start":{"line":8,"column":33},"end":{"line":8,"column":34}},"loc":{"start":{"line":8,"column":48},"end":{"line":50,"column":3}},"line":8},"2":{"name":"(anonymous_2)","decl":{"start":{"line":55,"column":34},"end":{"line":55,"column":35}},"loc":{"start":{"line":55,"column":60},"end":{"line":127,"column":1}},"line":55}},"branchMap":{"0":{"loc":{"start":{"line":10,"column":4},"end":{"line":40,"column":5}},"type":"if","locations":[{"start":{"line":10,"column":4},"end":{"line":40,"column":5}},{"start":{"line":38,"column":9},"end":{"line":40,"column":5}}],"line":10},"1":{"loc":{"start":{"line":24,"column":8},"end":{"line":27,"column":9}},"type":"if","locations":[{"start":{"line":24,"column":8},"end":{"line":27,"column":9}},{"start":{},"end":{}}],"line":24},"2":{"loc":{"start":{"line":24,"column":11},"end":{"line":24,"column":62}},"type":"binary-expr","locations":[{"start":{"line":24,"column":11},"end":{"line":24,"column":31}},{"start":{"line":24,"column":34},"end":{"line":24,"column":62}}],"line":24},"3":{"loc":{"start":{"line":63,"column":4},"end":{"line":69,"column":5}},"type":"if","locations":[{"start":{"line":63,"column":4},"end":{"line":69,"column":5}},{"start":{},"end":{}}],"line":63},"4":{"loc":{"start":{"line":63,"column":7},"end":{"line":63,"column":124}},"type":"binary-expr","locations":[{"start":{"line":63,"column":7},"end":{"line":63,"column":28}},{"start":{"line":63,"column":31},"end":{"line":63,"column":75}},{"start":{"line":63,"column":79},"end":{"line":63,"column":124}}],"line":63},"5":{"loc":{"start":{"line":70,"column":4},"end":{"line":76,"column":5}},"type":"if","locations":[{"start":{"line":70,"column":4},"end":{"line":76,"column":5}},{"start":{},"end":{}}],"line":70},"6":{"loc":{"start":{"line":70,"column":7},"end":{"line":70,"column":125}},"type":"binary-expr","locations":[{"start":{"line":70,"column":7},"end":{"line":70,"column":28}},{"start":{"line":70,"column":31},"end":{"line":70,"column":75}},{"start":{"line":70,"column":79},"end":{"line":70,"column":125}}],"line":70},"7":{"loc":{"start":{"line":77,"column":4},"end":{"line":83,"column":5}},"type":"if","locations":[{"start":{"line":77,"column":4},"end":{"line":83,"column":5}},{"start":{},"end":{}}],"line":77},"8":{"loc":{"start":{"line":77,"column":7},"end":{"line":77,"column":125}},"type":"binary-expr","locations":[{"start":{"line":77,"column":7},"end":{"line":77,"column":28}},{"start":{"line":77,"column":31},"end":{"line":77,"column":75}},{"start":{"line":77,"column":79},"end":{"line":77,"column":125}}],"line":77},"9":{"loc":{"start":{"line":87,"column":4},"end":{"line":113,"column":5}},"type":"if","locations":[{"start":{"line":87,"column":4},"end":{"line":113,"column":5}},{"start":{},"end":{}}],"line":87},"10":{"loc":{"start":{"line":91,"column":6},"end":{"line":112,"column":7}},"type":"if","locations":[{"start":{"line":91,"column":6},"end":{"line":112,"column":7}},{"start":{},"end":{}}],"line":91}},"s":{"0":1,"1":1,"2":1,"3":1,"4":0,"5":0,"6":0,"7":0,"8":0,"9":0,"10":0,"11":0,"12":0,"13":0,"14":0,"15":0,"16":0,"17":0,"18":1,"19":0,"20":0,"21":0,"22":0,"23":0,"24":0,"25":0,"26":0,"27":0,"28":0,"29":0,"30":0,"31":0,"32":0,"33":0,"34":0,"35":0,"36":0,"37":0},"f":{"0":0,"1":0,"2":0},"b":{"0":[0,0],"1":[0,0],"2":[0,0],"3":[0,0],"4":[0,0,0],"5":[0,0],"6":[0,0,0],"7":[0,0],"8":[0,0,0],"9":[0,0],"10":[0,0]},"_coverageSchema":"1a1c01bbd47fc00a2c39e90264f33305004495a9","hash":"b8c6ad7fb2225dda6f395db68f81d1e8545adcb1"}
,"C:\\Users\\kevin\\Escritorio\\AYD1_P1_G1\\backend\\src\\controllers\\infoAdmin.js": {"path":"C:\\Users\\kevin\\Escritorio\\AYD1_P1_G1\\backend\\src\\controllers\\infoAdmin.js","statementMap":{"0":{"start":{"line":1,"column":14},"end":{"line":1,"column":40}},"1":{"start":{"line":5,"column":0},"end":{"line":19,"column":2}},"2":{"start":{"line":6,"column":13},"end":{"line":8,"column":3}},"3":{"start":{"line":10,"column":15},"end":{"line":10,"column":37}},"4":{"start":{"line":12,"column":2},"end":{"line":18,"column":5}},"5":{"start":{"line":22,"column":0},"end":{"line":36,"column":2}},"6":{"start":{"line":23,"column":13},"end":{"line":26,"column":3}},"7":{"start":{"line":28,"column":15},"end":{"line":28,"column":51}},"8":{"start":{"line":30,"column":2},"end":{"line":35,"column":5}},"9":{"start":{"line":39,"column":0},"end":{"line":54,"column":2}},"10":{"start":{"line":40,"column":13},"end":{"line":43,"column":3}},"11":{"start":{"line":44,"column":2},"end":{"line":44,"column":20}},"12":{"start":{"line":46,"column":15},"end":{"line":46,"column":47}},"13":{"start":{"line":48,"column":2},"end":{"line":53,"column":5}},"14":{"start":{"line":58,"column":0},"end":{"line":71,"column":2}},"15":{"start":{"line":59,"column":13},"end":{"line":61,"column":3}},"16":{"start":{"line":63,"column":15},"end":{"line":63,"column":46}},"17":{"start":{"line":65,"column":2},"end":{"line":70,"column":5}},"18":{"start":{"line":74,"column":0},"end":{"line":98,"column":2}},"19":{"start":{"line":75,"column":13},"end":{"line":77,"column":3}},"20":{"start":{"line":79,"column":15},"end":{"line":79,"column":51}},"21":{"start":{"line":80,"column":2},"end":{"line":96,"column":3}},"22":{"start":{"line":82,"column":4},"end":{"line":87,"column":7}},"23":{"start":{"line":88,"column":8},"end":{"line":96,"column":3}},"24":{"start":{"line":90,"column":4},"end":{"line":95,"column":7}},"25":{"start":{"line":101,"column":0},"end":{"line":125,"column":2}},"26":{"start":{"line":102,"column":13},"end":{"line":104,"column":3}},"27":{"start":{"line":106,"column":15},"end":{"line":106,"column":47}},"28":{"start":{"line":107,"column":2},"end":{"line":123,"column":3}},"29":{"start":{"line":109,"column":4},"end":{"line":114,"column":7}},"30":{"start":{"line":115,"column":8},"end":{"line":123,"column":3}},"31":{"start":{"line":117,"column":4},"end":{"line":122,"column":7}},"32":{"start":{"line":129,"column":0},"end":{"line":140,"column":2}},"33":{"start":{"line":131,"column":15},"end":{"line":131,"column":42}},"34":{"start":{"line":133,"column":2},"end":{"line":139,"column":5}},"35":{"start":{"line":143,"column":0},"end":{"line":154,"column":2}},"36":{"start":{"line":145,"column":15},"end":{"line":145,"column":47}},"37":{"start":{"line":147,"column":2},"end":{"line":153,"column":5}},"38":{"start":{"line":157,"column":0},"end":{"line":168,"column":2}},"39":{"start":{"line":159,"column":15},"end":{"line":159,"column":44}},"40":{"start":{"line":161,"column":2},"end":{"line":167,"column":5}},"41":{"start":{"line":172,"column":0},"end":{"line":194,"column":2}},"42":{"start":{"line":174,"column":15},"end":{"line":174,"column":44}},"43":{"start":{"line":176,"column":2},"end":{"line":193,"column":5}},"44":{"start":{"line":197,"column":0},"end":{"line":208,"column":2}},"45":{"start":{"line":199,"column":15},"end":{"line":199,"column":53}},"46":{"start":{"line":201,"column":2},"end":{"line":207,"column":5}},"47":{"start":{"line":211,"column":0},"end":{"line":222,"column":2}},"48":{"start":{"line":213,"column":15},"end":{"line":213,"column":50}},"49":{"start":{"line":215,"column":2},"end":{"line":221,"column":5}},"50":{"start":{"line":226,"column":0},"end":{"line":237,"column":2}},"51":{"start":{"line":228,"column":15},"end":{"line":228,"column":60}},"52":{"start":{"line":230,"column":2},"end":{"line":236,"column":5}},"53":{"start":{"line":242,"column":0},"end":{"line":259,"column":2}},"54":{"start":{"line":243,"column":13},"end":{"line":249,"column":3}},"55":{"start":{"line":251,"column":15},"end":{"line":251,"column":64}},"56":{"start":{"line":253,"column":2},"end":{"line":258,"column":5}},"57":{"start":{"line":262,"column":0},"end":{"line":273,"column":2}},"58":{"start":{"line":264,"column":15},"end":{"line":264,"column":63}},"59":{"start":{"line":266,"column":2},"end":{"line":272,"column":5}}},"fnMap":{"0":{"name":"(anonymous_0)","decl":{"start":{"line":5,"column":27},"end":{"line":5,"column":28}},"loc":{"start":{"line":5,"column":53},"end":{"line":19,"column":1}},"line":5},"1":{"name":"(anonymous_1)","decl":{"start":{"line":22,"column":36},"end":{"line":22,"column":37}},"loc":{"start":{"line":22,"column":62},"end":{"line":36,"column":1}},"line":22},"2":{"name":"(anonymous_2)","decl":{"start":{"line":39,"column":32},"end":{"line":39,"column":33}},"loc":{"start":{"line":39,"column":58},"end":{"line":54,"column":1}},"line":39},"3":{"name":"(anonymous_3)","decl":{"start":{"line":58,"column":31},"end":{"line":58,"column":32}},"loc":{"start":{"line":58,"column":57},"end":{"line":71,"column":1}},"line":58},"4":{"name":"(anonymous_4)","decl":{"start":{"line":74,"column":36},"end":{"line":74,"column":37}},"loc":{"start":{"line":74,"column":62},"end":{"line":98,"column":1}},"line":74},"5":{"name":"(anonymous_5)","decl":{"start":{"line":101,"column":32},"end":{"line":101,"column":33}},"loc":{"start":{"line":101,"column":58},"end":{"line":125,"column":1}},"line":101},"6":{"name":"(anonymous_6)","decl":{"start":{"line":129,"column":31},"end":{"line":129,"column":32}},"loc":{"start":{"line":129,"column":57},"end":{"line":140,"column":1}},"line":129},"7":{"name":"(anonymous_7)","decl":{"start":{"line":143,"column":36},"end":{"line":143,"column":37}},"loc":{"start":{"line":143,"column":62},"end":{"line":154,"column":1}},"line":143},"8":{"name":"(anonymous_8)","decl":{"start":{"line":157,"column":33},"end":{"line":157,"column":34}},"loc":{"start":{"line":157,"column":59},"end":{"line":168,"column":1}},"line":157},"9":{"name":"(anonymous_9)","decl":{"start":{"line":172,"column":33},"end":{"line":172,"column":34}},"loc":{"start":{"line":172,"column":59},"end":{"line":194,"column":1}},"line":172},"10":{"name":"(anonymous_10)","decl":{"start":{"line":197,"column":42},"end":{"line":197,"column":43}},"loc":{"start":{"line":197,"column":68},"end":{"line":208,"column":1}},"line":197},"11":{"name":"(anonymous_11)","decl":{"start":{"line":211,"column":39},"end":{"line":211,"column":40}},"loc":{"start":{"line":211,"column":65},"end":{"line":222,"column":1}},"line":211},"12":{"name":"(anonymous_12)","decl":{"start":{"line":226,"column":49},"end":{"line":226,"column":50}},"loc":{"start":{"line":226,"column":75},"end":{"line":237,"column":1}},"line":226},"13":{"name":"(anonymous_13)","decl":{"start":{"line":242,"column":49},"end":{"line":242,"column":50}},"loc":{"start":{"line":242,"column":75},"end":{"line":259,"column":1}},"line":242},"14":{"name":"(anonymous_14)","decl":{"start":{"line":262,"column":52},"end":{"line":262,"column":53}},"loc":{"start":{"line":262,"column":78},"end":{"line":273,"column":1}},"line":262}},"branchMap":{"0":{"loc":{"start":{"line":80,"column":2},"end":{"line":96,"column":3}},"type":"if","locations":[{"start":{"line":80,"column":2},"end":{"line":96,"column":3}},{"start":{"line":88,"column":8},"end":{"line":96,"column":3}}],"line":80},"1":{"loc":{"start":{"line":88,"column":8},"end":{"line":96,"column":3}},"type":"if","locations":[{"start":{"line":88,"column":8},"end":{"line":96,"column":3}},{"start":{},"end":{}}],"line":88},"2":{"loc":{"start":{"line":107,"column":2},"end":{"line":123,"column":3}},"type":"if","locations":[{"start":{"line":107,"column":2},"end":{"line":123,"column":3}},{"start":{"line":115,"column":8},"end":{"line":123,"column":3}}],"line":107},"3":{"loc":{"start":{"line":115,"column":8},"end":{"line":123,"column":3}},"type":"if","locations":[{"start":{"line":115,"column":8},"end":{"line":123,"column":3}},{"start":{},"end":{}}],"line":115}},"s":{"0":1,"1":1,"2":0,"3":0,"4":0,"5":1,"6":0,"7":0,"8":0,"9":1,"10":0,"11":0,"12":0,"13":0,"14":1,"15":0,"16":0,"17":0,"18":1,"19":0,"20":0,"21":0,"22":0,"23":0,"24":0,"25":1,"26":0,"27":0,"28":0,"29":0,"30":0,"31":0,"32":1,"33":0,"34":0,"35":1,"36":0,"37":0,"38":1,"39":0,"40":0,"41":1,"42":0,"43":0,"44":1,"45":0,"46":0,"47":1,"48":0,"49":0,"50":1,"51":0,"52":0,"53":1,"54":0,"55":0,"56":0,"57":1,"58":0,"59":0},"f":{"0":0,"1":0,"2":0,"3":0,"4":0,"5":0,"6":0,"7":0,"8":0,"9":0,"10":0,"11":0,"12":0,"13":0,"14":0},"b":{"0":[0,0],"1":[0,0],"2":[0,0],"3":[0,0]},"_coverageSchema":"1a1c01bbd47fc00a2c39e90264f33305004495a9","hash":"b04236d1a37efd91509d7bfe5f2c0fdb85101144"}
,"C:\\Users\\kevin\\Escritorio\\AYD1_P1_G1\\backend\\src\\controllers\\infoCompany.js": {"path":"C:\\Users\\kevin\\Escritorio\\AYD1_P1_G1\\backend\\src\\controllers\\infoCompany.js","statementMap":{"0":{"start":{"line":1,"column":16},"end":{"line":1,"column":44}},"1":{"start":{"line":2,"column":15},"end":{"line":2,"column":50}},"2":{"start":{"line":5,"column":0},"end":{"line":19,"column":2}},"3":{"start":{"line":6,"column":13},"end":{"line":8,"column":3}},"4":{"start":{"line":10,"column":15},"end":{"line":10,"column":39}},"5":{"start":{"line":12,"column":2},"end":{"line":18,"column":5}},"6":{"start":{"line":21,"column":0},"end":{"line":48,"column":2}},"7":{"start":{"line":22,"column":2},"end":{"line":47,"column":5}},"8":{"start":{"line":23,"column":4},"end":{"line":46,"column":5}},"9":{"start":{"line":24,"column":17},"end":{"line":34,"column":7}},"10":{"start":{"line":36,"column":19},"end":{"line":36,"column":49}},"11":{"start":{"line":38,"column":6},"end":{"line":43,"column":9}},"12":{"start":{"line":45,"column":6},"end":{"line":45,"column":109}},"13":{"start":{"line":50,"column":0},"end":{"line":92,"column":2}},"14":{"start":{"line":51,"column":2},"end":{"line":91,"column":5}},"15":{"start":{"line":52,"column":4},"end":{"line":90,"column":5}},"16":{"start":{"line":53,"column":17},"end":{"line":61,"column":7}},"17":{"start":{"line":63,"column":19},"end":{"line":63,"column":50}},"18":{"start":{"line":65,"column":6},"end":{"line":70,"column":9}},"19":{"start":{"line":72,"column":17},"end":{"line":80,"column":7}},"20":{"start":{"line":82,"column":19},"end":{"line":82,"column":50}},"21":{"start":{"line":84,"column":6},"end":{"line":89,"column":9}},"22":{"start":{"line":94,"column":0},"end":{"line":107,"column":2}},"23":{"start":{"line":95,"column":13},"end":{"line":97,"column":3}},"24":{"start":{"line":99,"column":15},"end":{"line":99,"column":48}},"25":{"start":{"line":101,"column":2},"end":{"line":106,"column":5}},"26":{"start":{"line":109,"column":0},"end":{"line":135,"column":2}},"27":{"start":{"line":110,"column":2},"end":{"line":134,"column":5}},"28":{"start":{"line":111,"column":4},"end":{"line":133,"column":5}},"29":{"start":{"line":112,"column":17},"end":{"line":121,"column":7}},"30":{"start":{"line":123,"column":19},"end":{"line":123,"column":47}},"31":{"start":{"line":125,"column":6},"end":{"line":130,"column":9}},"32":{"start":{"line":132,"column":6},"end":{"line":132,"column":105}},"33":{"start":{"line":137,"column":0},"end":{"line":179,"column":2}},"34":{"start":{"line":138,"column":2},"end":{"line":178,"column":5}},"35":{"start":{"line":139,"column":4},"end":{"line":177,"column":5}},"36":{"start":{"line":140,"column":17},"end":{"line":148,"column":7}},"37":{"start":{"line":150,"column":19},"end":{"line":150,"column":48}},"38":{"start":{"line":152,"column":6},"end":{"line":157,"column":9}},"39":{"start":{"line":159,"column":17},"end":{"line":167,"column":7}},"40":{"start":{"line":169,"column":19},"end":{"line":169,"column":48}},"41":{"start":{"line":171,"column":6},"end":{"line":176,"column":9}},"42":{"start":{"line":181,"column":0},"end":{"line":194,"column":2}},"43":{"start":{"line":182,"column":13},"end":{"line":184,"column":3}},"44":{"start":{"line":186,"column":15},"end":{"line":186,"column":46}},"45":{"start":{"line":188,"column":2},"end":{"line":193,"column":5}},"46":{"start":{"line":197,"column":0},"end":{"line":211,"column":2}},"47":{"start":{"line":198,"column":13},"end":{"line":200,"column":3}},"48":{"start":{"line":202,"column":15},"end":{"line":202,"column":56}},"49":{"start":{"line":204,"column":2},"end":{"line":210,"column":5}},"50":{"start":{"line":214,"column":0},"end":{"line":228,"column":2}},"51":{"start":{"line":215,"column":13},"end":{"line":217,"column":3}},"52":{"start":{"line":219,"column":15},"end":{"line":219,"column":54}},"53":{"start":{"line":221,"column":2},"end":{"line":227,"column":5}},"54":{"start":{"line":231,"column":0},"end":{"line":244,"column":2}},"55":{"start":{"line":232,"column":13},"end":{"line":234,"column":3}},"56":{"start":{"line":236,"column":15},"end":{"line":236,"column":47}},"57":{"start":{"line":238,"column":2},"end":{"line":243,"column":5}},"58":{"start":{"line":247,"column":0},"end":{"line":260,"column":2}},"59":{"start":{"line":248,"column":13},"end":{"line":250,"column":3}},"60":{"start":{"line":252,"column":15},"end":{"line":252,"column":47}},"61":{"start":{"line":254,"column":2},"end":{"line":259,"column":5}},"62":{"start":{"line":264,"column":0},"end":{"line":278,"column":2}},"63":{"start":{"line":265,"column":13},"end":{"line":267,"column":3}},"64":{"start":{"line":269,"column":15},"end":{"line":269,"column":61}},"65":{"start":{"line":271,"column":2},"end":{"line":277,"column":5}}},"fnMap":{"0":{"name":"(anonymous_0)","decl":{"start":{"line":5,"column":29},"end":{"line":5,"column":30}},"loc":{"start":{"line":5,"column":55},"end":{"line":19,"column":1}},"line":5},"1":{"name":"(anonymous_1)","decl":{"start":{"line":21,"column":28},"end":{"line":21,"column":29}},"loc":{"start":{"line":21,"column":54},"end":{"line":48,"column":1}},"line":21},"2":{"name":"(anonymous_2)","decl":{"start":{"line":22,"column":33},"end":{"line":22,"column":34}},"loc":{"start":{"line":22,"column":48},"end":{"line":47,"column":3}},"line":22},"3":{"name":"(anonymous_3)","decl":{"start":{"line":50,"column":29},"end":{"line":50,"column":30}},"loc":{"start":{"line":50,"column":55},"end":{"line":92,"column":1}},"line":50},"4":{"name":"(anonymous_4)","decl":{"start":{"line":51,"column":33},"end":{"line":51,"column":34}},"loc":{"start":{"line":51,"column":48},"end":{"line":91,"column":3}},"line":51},"5":{"name":"(anonymous_5)","decl":{"start":{"line":94,"column":31},"end":{"line":94,"column":32}},"loc":{"start":{"line":94,"column":57},"end":{"line":107,"column":1}},"line":94},"6":{"name":"(anonymous_6)","decl":{"start":{"line":109,"column":26},"end":{"line":109,"column":27}},"loc":{"start":{"line":109,"column":52},"end":{"line":135,"column":1}},"line":109},"7":{"name":"(anonymous_7)","decl":{"start":{"line":110,"column":33},"end":{"line":110,"column":34}},"loc":{"start":{"line":110,"column":48},"end":{"line":134,"column":3}},"line":110},"8":{"name":"(anonymous_8)","decl":{"start":{"line":137,"column":27},"end":{"line":137,"column":28}},"loc":{"start":{"line":137,"column":53},"end":{"line":179,"column":1}},"line":137},"9":{"name":"(anonymous_9)","decl":{"start":{"line":138,"column":33},"end":{"line":138,"column":34}},"loc":{"start":{"line":138,"column":48},"end":{"line":178,"column":3}},"line":138},"10":{"name":"(anonymous_10)","decl":{"start":{"line":181,"column":29},"end":{"line":181,"column":30}},"loc":{"start":{"line":181,"column":55},"end":{"line":194,"column":1}},"line":181},"11":{"name":"(anonymous_11)","decl":{"start":{"line":197,"column":39},"end":{"line":197,"column":40}},"loc":{"start":{"line":197,"column":65},"end":{"line":211,"column":1}},"line":197},"12":{"name":"(anonymous_12)","decl":{"start":{"line":214,"column":37},"end":{"line":214,"column":38}},"loc":{"start":{"line":214,"column":63},"end":{"line":228,"column":1}},"line":214},"13":{"name":"(anonymous_13)","decl":{"start":{"line":231,"column":30},"end":{"line":231,"column":31}},"loc":{"start":{"line":231,"column":56},"end":{"line":244,"column":1}},"line":231},"14":{"name":"(anonymous_14)","decl":{"start":{"line":247,"column":30},"end":{"line":247,"column":31}},"loc":{"start":{"line":247,"column":56},"end":{"line":260,"column":1}},"line":247},"15":{"name":"(anonymous_15)","decl":{"start":{"line":264,"column":44},"end":{"line":264,"column":45}},"loc":{"start":{"line":264,"column":70},"end":{"line":278,"column":1}},"line":264}},"branchMap":{"0":{"loc":{"start":{"line":23,"column":4},"end":{"line":46,"column":5}},"type":"if","locations":[{"start":{"line":23,"column":4},"end":{"line":46,"column":5}},{"start":{"line":44,"column":9},"end":{"line":46,"column":5}}],"line":23},"1":{"loc":{"start":{"line":52,"column":4},"end":{"line":90,"column":5}},"type":"if","locations":[{"start":{"line":52,"column":4},"end":{"line":90,"column":5}},{"start":{"line":71,"column":9},"end":{"line":90,"column":5}}],"line":52},"2":{"loc":{"start":{"line":111,"column":4},"end":{"line":133,"column":5}},"type":"if","locations":[{"start":{"line":111,"column":4},"end":{"line":133,"column":5}},{"start":{"line":131,"column":9},"end":{"line":133,"column":5}}],"line":111},"3":{"loc":{"start":{"line":139,"column":4},"end":{"line":177,"column":5}},"type":"if","locations":[{"start":{"line":139,"column":4},"end":{"line":177,"column":5}},{"start":{"line":158,"column":9},"end":{"line":177,"column":5}}],"line":139}},"s":{"0":1,"1":1,"2":1,"3":0,"4":0,"5":0,"6":1,"7":0,"8":0,"9":0,"10":0,"11":0,"12":0,"13":1,"14":0,"15":0,"16":0,"17":0,"18":0,"19":0,"20":0,"21":0,"22":1,"23":0,"24":0,"25":0,"26":1,"27":0,"28":0,"29":0,"30":0,"31":0,"32":0,"33":1,"34":0,"35":0,"36":0,"37":0,"38":0,"39":0,"40":0,"41":0,"42":1,"43":0,"44":0,"45":0,"46":1,"47":0,"48":0,"49":0,"50":1,"51":0,"52":0,"53":0,"54":1,"55":0,"56":0,"57":0,"58":1,"59":0,"60":0,"61":0,"62":1,"63":0,"64":0,"65":0},"f":{"0":0,"1":0,"2":0,"3":0,"4":0,"5":0,"6":0,"7":0,"8":0,"9":0,"10":0,"11":0,"12":0,"13":0,"14":0,"15":0},"b":{"0":[0,0],"1":[0,0],"2":[0,0],"3":[0,0]},"_coverageSchema":"1a1c01bbd47fc00a2c39e90264f33305004495a9","hash":"a3d0adb257109f52a992c8d9221dd1dcc33838a0"}
,"C:\\Users\\kevin\\Escritorio\\AYD1_P1_G1\\backend\\src\\controllers\\infoDeliveryMan.js": {"path":"C:\\Users\\kevin\\Escritorio\\AYD1_P1_G1\\backend\\src\\controllers\\infoDeliveryMan.js","statementMap":{"0":{"start":{"line":1,"column":20},"end":{"line":1,"column":52}},"1":{"start":{"line":5,"column":0},"end":{"line":18,"column":2}},"2":{"start":{"line":6,"column":13},"end":{"line":8,"column":3}},"3":{"start":{"line":10,"column":15},"end":{"line":10,"column":43}},"4":{"start":{"line":12,"column":2},"end":{"line":17,"column":5}},"5":{"start":{"line":21,"column":0},"end":{"line":46,"column":2}},"6":{"start":{"line":22,"column":13},"end":{"line":27,"column":3}},"7":{"start":{"line":29,"column":15},"end":{"line":29,"column":52}},"8":{"start":{"line":30,"column":2},"end":{"line":38,"column":3}},"9":{"start":{"line":32,"column":2},"end":{"line":37,"column":3}},"10":{"start":{"line":40,"column":2},"end":{"line":45,"column":5}},"11":{"start":{"line":50,"column":0},"end":{"line":64,"column":2}},"12":{"start":{"line":51,"column":13},"end":{"line":53,"column":3}},"13":{"start":{"line":55,"column":15},"end":{"line":55,"column":62}},"14":{"start":{"line":57,"column":2},"end":{"line":63,"column":5}},"15":{"start":{"line":67,"column":0},"end":{"line":90,"column":2}},"16":{"start":{"line":68,"column":13},"end":{"line":71,"column":3}},"17":{"start":{"line":73,"column":15},"end":{"line":73,"column":61}},"18":{"start":{"line":74,"column":2},"end":{"line":82,"column":3}},"19":{"start":{"line":76,"column":4},"end":{"line":81,"column":7}},"20":{"start":{"line":84,"column":2},"end":{"line":89,"column":5}},"21":{"start":{"line":94,"column":0},"end":{"line":107,"column":2}},"22":{"start":{"line":95,"column":13},"end":{"line":97,"column":3}},"23":{"start":{"line":99,"column":15},"end":{"line":99,"column":51}},"24":{"start":{"line":101,"column":2},"end":{"line":106,"column":5}},"25":{"start":{"line":110,"column":0},"end":{"line":123,"column":2}},"26":{"start":{"line":111,"column":13},"end":{"line":113,"column":3}},"27":{"start":{"line":115,"column":15},"end":{"line":115,"column":50}},"28":{"start":{"line":117,"column":2},"end":{"line":122,"column":5}},"29":{"start":{"line":127,"column":0},"end":{"line":141,"column":2}},"30":{"start":{"line":128,"column":13},"end":{"line":130,"column":3}},"31":{"start":{"line":132,"column":15},"end":{"line":132,"column":60}},"32":{"start":{"line":134,"column":2},"end":{"line":140,"column":5}},"33":{"start":{"line":145,"column":0},"end":{"line":159,"column":2}},"34":{"start":{"line":146,"column":13},"end":{"line":148,"column":3}},"35":{"start":{"line":150,"column":15},"end":{"line":150,"column":52}},"36":{"start":{"line":152,"column":2},"end":{"line":158,"column":5}}},"fnMap":{"0":{"name":"(anonymous_0)","decl":{"start":{"line":5,"column":33},"end":{"line":5,"column":34}},"loc":{"start":{"line":5,"column":59},"end":{"line":18,"column":1}},"line":5},"1":{"name":"(anonymous_1)","decl":{"start":{"line":21,"column":31},"end":{"line":21,"column":32}},"loc":{"start":{"line":21,"column":57},"end":{"line":46,"column":1}},"line":21},"2":{"name":"(anonymous_2)","decl":{"start":{"line":50,"column":41},"end":{"line":50,"column":42}},"loc":{"start":{"line":50,"column":67},"end":{"line":64,"column":1}},"line":50},"3":{"name":"(anonymous_3)","decl":{"start":{"line":67,"column":40},"end":{"line":67,"column":41}},"loc":{"start":{"line":67,"column":66},"end":{"line":90,"column":1}},"line":67},"4":{"name":"(anonymous_4)","decl":{"start":{"line":94,"column":30},"end":{"line":94,"column":31}},"loc":{"start":{"line":94,"column":56},"end":{"line":107,"column":1}},"line":94},"5":{"name":"(anonymous_5)","decl":{"start":{"line":110,"column":29},"end":{"line":110,"column":30}},"loc":{"start":{"line":110,"column":55},"end":{"line":123,"column":1}},"line":110},"6":{"name":"(anonymous_6)","decl":{"start":{"line":127,"column":39},"end":{"line":127,"column":40}},"loc":{"start":{"line":127,"column":65},"end":{"line":141,"column":1}},"line":127},"7":{"name":"(anonymous_7)","decl":{"start":{"line":145,"column":31},"end":{"line":145,"column":32}},"loc":{"start":{"line":145,"column":57},"end":{"line":159,"column":1}},"line":145}},"branchMap":{"0":{"loc":{"start":{"line":30,"column":2},"end":{"line":38,"column":3}},"type":"if","locations":[{"start":{"line":30,"column":2},"end":{"line":38,"column":3}},{"start":{},"end":{}}],"line":30},"1":{"loc":{"start":{"line":74,"column":2},"end":{"line":82,"column":3}},"type":"if","locations":[{"start":{"line":74,"column":2},"end":{"line":82,"column":3}},{"start":{},"end":{}}],"line":74}},"s":{"0":1,"1":1,"2":0,"3":0,"4":0,"5":1,"6":0,"7":0,"8":0,"9":0,"10":0,"11":1,"12":0,"13":0,"14":0,"15":1,"16":0,"17":0,"18":0,"19":0,"20":0,"21":1,"22":0,"23":0,"24":0,"25":1,"26":0,"27":0,"28":0,"29":1,"30":0,"31":0,"32":0,"33":1,"34":0,"35":0,"36":0},"f":{"0":0,"1":0,"2":0,"3":0,"4":0,"5":0,"6":0,"7":0},"b":{"0":[0,0],"1":[0,0]},"_coverageSchema":"1a1c01bbd47fc00a2c39e90264f33305004495a9","hash":"12851658354f41ab3c6b4889e8dbe238aade5ef3"}
,"C:\\Users\\kevin\\Escritorio\\AYD1_P1_G1\\backend\\src\\controllers\\infoUser.js": {"path":"C:\\Users\\kevin\\Escritorio\\AYD1_P1_G1\\backend\\src\\controllers\\infoUser.js","statementMap":{"0":{"start":{"line":1,"column":13},"end":{"line":1,"column":38}},"1":{"start":{"line":3,"column":0},"end":{"line":14,"column":2}},"2":{"start":{"line":4,"column":13},"end":{"line":6,"column":3}},"3":{"start":{"line":8,"column":17},"end":{"line":8,"column":38}},"4":{"start":{"line":10,"column":2},"end":{"line":13,"column":5}},"5":{"start":{"line":16,"column":0},"end":{"line":24,"column":2}},"6":{"start":{"line":18,"column":17},"end":{"line":18,"column":44}},"7":{"start":{"line":20,"column":2},"end":{"line":23,"column":5}},"8":{"start":{"line":26,"column":0},"end":{"line":34,"column":2}},"9":{"start":{"line":28,"column":17},"end":{"line":28,"column":42}},"10":{"start":{"line":30,"column":2},"end":{"line":33,"column":5}},"11":{"start":{"line":37,"column":0},"end":{"line":46,"column":2}},"12":{"start":{"line":39,"column":17},"end":{"line":39,"column":45}},"13":{"start":{"line":41,"column":2},"end":{"line":45,"column":5}},"14":{"start":{"line":48,"column":0},"end":{"line":65,"column":2}},"15":{"start":{"line":49,"column":2},"end":{"line":64,"column":3}},"16":{"start":{"line":50,"column":15},"end":{"line":52,"column":5}},"17":{"start":{"line":54,"column":19},"end":{"line":54,"column":52}},"18":{"start":{"line":56,"column":4},"end":{"line":60,"column":7}},"19":{"start":{"line":62,"column":4},"end":{"line":62,"column":23}},"20":{"start":{"line":63,"column":4},"end":{"line":63,"column":67}},"21":{"start":{"line":67,"column":0},"end":{"line":80,"column":2}},"22":{"start":{"line":68,"column":13},"end":{"line":72,"column":3}},"23":{"start":{"line":74,"column":17},"end":{"line":74,"column":46}},"24":{"start":{"line":76,"column":2},"end":{"line":79,"column":5}},"25":{"start":{"line":85,"column":0},"end":{"line":111,"column":2}},"26":{"start":{"line":87,"column":2},"end":{"line":110,"column":3}},"27":{"start":{"line":89,"column":4},"end":{"line":89,"column":34}},"28":{"start":{"line":90,"column":15},"end":{"line":98,"column":5}},"29":{"start":{"line":99,"column":4},"end":{"line":99,"column":30}},"30":{"start":{"line":101,"column":19},"end":{"line":101,"column":49}},"31":{"start":{"line":103,"column":4},"end":{"line":106,"column":7}},"32":{"start":{"line":108,"column":4},"end":{"line":108,"column":23}},"33":{"start":{"line":109,"column":4},"end":{"line":109,"column":67}},"34":{"start":{"line":115,"column":0},"end":{"line":132,"column":2}},"35":{"start":{"line":116,"column":2},"end":{"line":131,"column":3}},"36":{"start":{"line":117,"column":15},"end":{"line":119,"column":5}},"37":{"start":{"line":121,"column":19},"end":{"line":121,"column":45}},"38":{"start":{"line":123,"column":4},"end":{"line":127,"column":7}},"39":{"start":{"line":129,"column":4},"end":{"line":129,"column":23}},"40":{"start":{"line":130,"column":4},"end":{"line":130,"column":67}}},"fnMap":{"0":{"name":"(anonymous_0)","decl":{"start":{"line":3,"column":26},"end":{"line":3,"column":27}},"loc":{"start":{"line":3,"column":52},"end":{"line":14,"column":1}},"line":3},"1":{"name":"(anonymous_1)","decl":{"start":{"line":16,"column":32},"end":{"line":16,"column":33}},"loc":{"start":{"line":16,"column":58},"end":{"line":24,"column":1}},"line":16},"2":{"name":"(anonymous_2)","decl":{"start":{"line":26,"column":30},"end":{"line":26,"column":31}},"loc":{"start":{"line":26,"column":56},"end":{"line":34,"column":1}},"line":26},"3":{"name":"(anonymous_3)","decl":{"start":{"line":37,"column":33},"end":{"line":37,"column":34}},"loc":{"start":{"line":37,"column":59},"end":{"line":46,"column":1}},"line":37},"4":{"name":"(anonymous_4)","decl":{"start":{"line":48,"column":34},"end":{"line":48,"column":35}},"loc":{"start":{"line":48,"column":60},"end":{"line":65,"column":1}},"line":48},"5":{"name":"(anonymous_5)","decl":{"start":{"line":67,"column":30},"end":{"line":67,"column":31}},"loc":{"start":{"line":67,"column":56},"end":{"line":80,"column":1}},"line":67},"6":{"name":"(anonymous_6)","decl":{"start":{"line":85,"column":31},"end":{"line":85,"column":32}},"loc":{"start":{"line":85,"column":57},"end":{"line":111,"column":1}},"line":85},"7":{"name":"(anonymous_7)","decl":{"start":{"line":115,"column":27},"end":{"line":115,"column":28}},"loc":{"start":{"line":115,"column":53},"end":{"line":132,"column":1}},"line":115}},"branchMap":{},"s":{"0":1,"1":1,"2":0,"3":0,"4":0,"5":1,"6":0,"7":0,"8":1,"9":0,"10":0,"11":1,"12":0,"13":0,"14":1,"15":0,"16":0,"17":0,"18":0,"19":0,"20":0,"21":1,"22":0,"23":0,"24":0,"25":1,"26":0,"27":0,"28":0,"29":0,"30":0,"31":0,"32":0,"33":0,"34":1,"35":0,"36":0,"37":0,"38":0,"39":0,"40":0},"f":{"0":0,"1":0,"2":0,"3":0,"4":0,"5":0,"6":0,"7":0},"b":{},"_coverageSchema":"1a1c01bbd47fc00a2c39e90264f33305004495a9","hash":"b8a0a6328f82ea06761bbd1333a7e6ee4220f471"}
,"C:\\Users\\kevin\\Escritorio\\AYD1_P1_G1\\backend\\src\\controllers\\user.js": {"path":"C:\\Users\\kevin\\Escritorio\\AYD1_P1_G1\\backend\\src\\controllers\\user.js","statementMap":{"0":{"start":{"line":1,"column":13},"end":{"line":1,"column":38}},"1":{"start":{"line":2,"column":15},"end":{"line":2,"column":34}},"2":{"start":{"line":4,"column":0},"end":{"line":36,"column":2}},"3":{"start":{"line":5,"column":61},"end":{"line":5,"column":69}},"4":{"start":{"line":7,"column":2},"end":{"line":35,"column":3}},"5":{"start":{"line":8,"column":24},"end":{"line":8,"column":56}},"6":{"start":{"line":10,"column":4},"end":{"line":17,"column":5}},"7":{"start":{"line":12,"column":6},"end":{"line":16,"column":9}},"8":{"start":{"line":19,"column":4},"end":{"line":24,"column":6}},"9":{"start":{"line":25,"column":4},"end":{"line":28,"column":7}},"10":{"start":{"line":30,"column":4},"end":{"line":30,"column":23}},"11":{"start":{"line":31,"column":4},"end":{"line":34,"column":7}},"12":{"start":{"line":38,"column":0},"end":{"line":98,"column":2}},"13":{"start":{"line":39,"column":13},"end":{"line":42,"column":3}},"14":{"start":{"line":44,"column":2},"end":{"line":97,"column":3}},"15":{"start":{"line":45,"column":25},"end":{"line":45,"column":64}},"16":{"start":{"line":47,"column":4},"end":{"line":54,"column":5}},"17":{"start":{"line":49,"column":6},"end":{"line":53,"column":9}},"18":{"start":{"line":56,"column":30},"end":{"line":56,"column":59}},"19":{"start":{"line":58,"column":4},"end":{"line":82,"column":5}},"20":{"start":{"line":60,"column":27},"end":{"line":60,"column":64}},"21":{"start":{"line":62,"column":6},"end":{"line":81,"column":7}},"22":{"start":{"line":63,"column":8},"end":{"line":63,"column":73}},"23":{"start":{"line":65,"column":23},"end":{"line":65,"column":45}},"24":{"start":{"line":67,"column":8},"end":{"line":80,"column":11}},"25":{"start":{"line":84,"column":4},"end":{"line":89,"column":9}},"26":{"start":{"line":91,"column":4},"end":{"line":91,"column":23}},"27":{"start":{"line":93,"column":4},"end":{"line":96,"column":32}}},"fnMap":{"0":{"name":"(anonymous_0)","decl":{"start":{"line":4,"column":34},"end":{"line":4,"column":35}},"loc":{"start":{"line":4,"column":54},"end":{"line":36,"column":1}},"line":4},"1":{"name":"(anonymous_1)","decl":{"start":{"line":38,"column":27},"end":{"line":38,"column":28}},"loc":{"start":{"line":38,"column":53},"end":{"line":98,"column":1}},"line":38}},"branchMap":{"0":{"loc":{"start":{"line":10,"column":4},"end":{"line":17,"column":5}},"type":"if","locations":[{"start":{"line":10,"column":4},"end":{"line":17,"column":5}},{"start":{},"end":{}}],"line":10},"1":{"loc":{"start":{"line":10,"column":8},"end":{"line":10,"column":55}},"type":"binary-expr","locations":[{"start":{"line":10,"column":8},"end":{"line":10,"column":30}},{"start":{"line":10,"column":34},"end":{"line":10,"column":55}}],"line":10},"2":{"loc":{"start":{"line":47,"column":4},"end":{"line":54,"column":5}},"type":"if","locations":[{"start":{"line":47,"column":4},"end":{"line":54,"column":5}},{"start":{},"end":{}}],"line":47},"3":{"loc":{"start":{"line":47,"column":8},"end":{"line":47,"column":74}},"type":"binary-expr","locations":[{"start":{"line":47,"column":8},"end":{"line":47,"column":31}},{"start":{"line":47,"column":35},"end":{"line":47,"column":74}}],"line":47},"4":{"loc":{"start":{"line":58,"column":4},"end":{"line":82,"column":5}},"type":"if","locations":[{"start":{"line":58,"column":4},"end":{"line":82,"column":5}},{"start":{},"end":{}}],"line":58},"5":{"loc":{"start":{"line":62,"column":6},"end":{"line":81,"column":7}},"type":"if","locations":[{"start":{"line":62,"column":6},"end":{"line":81,"column":7}},{"start":{},"end":{}}],"line":62}},"s":{"0":1,"1":1,"2":1,"3":0,"4":0,"5":0,"6":0,"7":0,"8":0,"9":0,"10":0,"11":0,"12":1,"13":0,"14":0,"15":0,"16":0,"17":0,"18":0,"19":0,"20":0,"21":0,"22":0,"23":0,"24":0,"25":0,"26":0,"27":0},"f":{"0":0,"1":0},"b":{"0":[0,0],"1":[0,0],"2":[0,0],"3":[0,0],"4":[0,0],"5":[0,0]},"_coverageSchema":"1a1c01bbd47fc00a2c39e90264f33305004495a9","hash":"9ddd0471fd2fbdc2bb253677f6199dcc122982da"}
,"C:\\Users\\kevin\\Escritorio\\AYD1_P1_G1\\backend\\src\\guard\\guard.js": {"path":"C:\\Users\\kevin\\Escritorio\\AYD1_P1_G1\\backend\\src\\guard\\guard.js","statementMap":{"0":{"start":{"line":1,"column":14},"end":{"line":1,"column":40}},"1":{"start":{"line":4,"column":14},"end":{"line":99,"column":1}},"2":{"start":{"line":5,"column":2},"end":{"line":12,"column":3}},"3":{"start":{"line":9,"column":4},"end":{"line":11,"column":7}},"4":{"start":{"line":13,"column":16},"end":{"line":13,"column":61}},"5":{"start":{"line":17,"column":2},"end":{"line":34,"column":3}},"6":{"start":{"line":18,"column":17},"end":{"line":18,"column":26}},"7":{"start":{"line":19,"column":17},"end":{"line":19,"column":51}},"8":{"start":{"line":20,"column":4},"end":{"line":31,"column":5}},"9":{"start":{"line":22,"column":6},"end":{"line":29,"column":7}},"10":{"start":{"line":23,"column":8},"end":{"line":23,"column":43}},"11":{"start":{"line":24,"column":8},"end":{"line":24,"column":22}},"12":{"start":{"line":26,"column":8},"end":{"line":28,"column":11}},"13":{"start":{"line":33,"column":4},"end":{"line":33,"column":23}},"14":{"start":{"line":37,"column":2},"end":{"line":54,"column":3}},"15":{"start":{"line":38,"column":17},"end":{"line":38,"column":26}},"16":{"start":{"line":39,"column":17},"end":{"line":39,"column":50}},"17":{"start":{"line":40,"column":4},"end":{"line":51,"column":5}},"18":{"start":{"line":42,"column":6},"end":{"line":49,"column":7}},"19":{"start":{"line":43,"column":8},"end":{"line":43,"column":41}},"20":{"start":{"line":44,"column":8},"end":{"line":44,"column":22}},"21":{"start":{"line":46,"column":8},"end":{"line":48,"column":11}},"22":{"start":{"line":53,"column":4},"end":{"line":53,"column":23}},"23":{"start":{"line":57,"column":2},"end":{"line":74,"column":3}},"24":{"start":{"line":58,"column":17},"end":{"line":58,"column":26}},"25":{"start":{"line":59,"column":17},"end":{"line":59,"column":57}},"26":{"start":{"line":60,"column":4},"end":{"line":71,"column":5}},"27":{"start":{"line":62,"column":6},"end":{"line":69,"column":7}},"28":{"start":{"line":63,"column":8},"end":{"line":63,"column":55}},"29":{"start":{"line":64,"column":8},"end":{"line":64,"column":22}},"30":{"start":{"line":66,"column":8},"end":{"line":68,"column":11}},"31":{"start":{"line":73,"column":4},"end":{"line":73,"column":23}},"32":{"start":{"line":77,"column":2},"end":{"line":94,"column":3}},"33":{"start":{"line":78,"column":17},"end":{"line":78,"column":26}},"34":{"start":{"line":79,"column":17},"end":{"line":79,"column":53}},"35":{"start":{"line":80,"column":4},"end":{"line":91,"column":5}},"36":{"start":{"line":82,"column":6},"end":{"line":89,"column":7}},"37":{"start":{"line":83,"column":8},"end":{"line":83,"column":47}},"38":{"start":{"line":84,"column":8},"end":{"line":84,"column":22}},"39":{"start":{"line":86,"column":8},"end":{"line":88,"column":11}},"40":{"start":{"line":93,"column":4},"end":{"line":93,"column":23}},"41":{"start":{"line":96,"column":2},"end":{"line":98,"column":5}},"42":{"start":{"line":101,"column":0},"end":{"line":101,"column":23}}},"fnMap":{"0":{"name":"(anonymous_0)","decl":{"start":{"line":4,"column":14},"end":{"line":4,"column":15}},"loc":{"start":{"line":4,"column":40},"end":{"line":99,"column":1}},"line":4}},"branchMap":{"0":{"loc":{"start":{"line":5,"column":2},"end":{"line":12,"column":3}},"type":"if","locations":[{"start":{"line":5,"column":2},"end":{"line":12,"column":3}},{"start":{},"end":{}}],"line":5},"1":{"loc":{"start":{"line":6,"column":4},"end":{"line":7,"column":52}},"type":"binary-expr","locations":[{"start":{"line":6,"column":4},"end":{"line":6,"column":30}},{"start":{"line":7,"column":4},"end":{"line":7,"column":52}}],"line":6},"2":{"loc":{"start":{"line":20,"column":4},"end":{"line":31,"column":5}},"type":"if","locations":[{"start":{"line":20,"column":4},"end":{"line":31,"column":5}},{"start":{},"end":{}}],"line":20},"3":{"loc":{"start":{"line":22,"column":6},"end":{"line":29,"column":7}},"type":"if","locations":[{"start":{"line":22,"column":6},"end":{"line":29,"column":7}},{"start":{"line":25,"column":11},"end":{"line":29,"column":7}}],"line":22},"4":{"loc":{"start":{"line":40,"column":4},"end":{"line":51,"column":5}},"type":"if","locations":[{"start":{"line":40,"column":4},"end":{"line":51,"column":5}},{"start":{},"end":{}}],"line":40},"5":{"loc":{"start":{"line":42,"column":6},"end":{"line":49,"column":7}},"type":"if","locations":[{"start":{"line":42,"column":6},"end":{"line":49,"column":7}},{"start":{"line":45,"column":11},"end":{"line":49,"column":7}}],"line":42},"6":{"loc":{"start":{"line":60,"column":4},"end":{"line":71,"column":5}},"type":"if","locations":[{"start":{"line":60,"column":4},"end":{"line":71,"column":5}},{"start":{},"end":{}}],"line":60},"7":{"loc":{"start":{"line":62,"column":6},"end":{"line":69,"column":7}},"type":"if","locations":[{"start":{"line":62,"column":6},"end":{"line":69,"column":7}},{"start":{"line":65,"column":11},"end":{"line":69,"column":7}}],"line":62},"8":{"loc":{"start":{"line":80,"column":4},"end":{"line":91,"column":5}},"type":"if","locations":[{"start":{"line":80,"column":4},"end":{"line":91,"column":5}},{"start":{},"end":{}}],"line":80},"9":{"loc":{"start":{"line":82,"column":6},"end":{"line":89,"column":7}},"type":"if","locations":[{"start":{"line":82,"column":6},"end":{"line":89,"column":7}},{"start":{"line":85,"column":11},"end":{"line":89,"column":7}}],"line":82}},"s":{"0":1,"1":1,"2":0,"3":0,"4":0,"5":0,"6":0,"7":0,"8":0,"9":0,"10":0,"11":0,"12":0,"13":0,"14":0,"15":0,"16":0,"17":0,"18":0,"19":0,"20":0,"21":0,"22":0,"23":0,"24":0,"25":0,"26":0,"27":0,"28":0,"29":0,"30":0,"31":0,"32":0,"33":0,"34":0,"35":0,"36":0,"37":0,"38":0,"39":0,"40":0,"41":0,"42":1},"f":{"0":0},"b":{"0":[0,0],"1":[0,0],"2":[0,0],"3":[0,0],"4":[0,0],"5":[0,0],"6":[0,0],"7":[0,0],"8":[0,0],"9":[0,0]},"_coverageSchema":"1a1c01bbd47fc00a2c39e90264f33305004495a9","hash":"0b35e02bf0368fb78d1ac4560c543bbd4314fdfc"}
,"C:\\Users\\kevin\\Escritorio\\AYD1_P1_G1\\backend\\src\\models\\admin.js": {"path":"C:\\Users\\kevin\\Escritorio\\AYD1_P1_G1\\backend\\src\\models\\admin.js","statementMap":{"0":{"start":{"line":1,"column":11},"end":{"line":1,"column":33}},"1":{"start":{"line":3,"column":0},"end":{"line":7,"column":2}},"2":{"start":{"line":4,"column":28},"end":{"line":4,"column":84}},"3":{"start":{"line":5,"column":16},"end":{"line":5,"column":28}},"4":{"start":{"line":6,"column":2},"end":{"line":6,"column":43}},"5":{"start":{"line":10,"column":0},"end":{"line":17,"column":2}},"6":{"start":{"line":11,"column":19},"end":{"line":11,"column":31}},"7":{"start":{"line":12,"column":30},"end":{"line":15,"column":54}},"8":{"start":{"line":16,"column":2},"end":{"line":16,"column":54}},"9":{"start":{"line":20,"column":0},"end":{"line":38,"column":2}},"10":{"start":{"line":21,"column":35},"end":{"line":23,"column":48}},"11":{"start":{"line":25,"column":35},"end":{"line":25,"column":120}},"12":{"start":{"line":26,"column":16},"end":{"line":26,"column":43}},"13":{"start":{"line":27,"column":2},"end":{"line":37,"column":7}},"14":{"start":{"line":29,"column":16},"end":{"line":29,"column":63}},"15":{"start":{"line":32,"column":25},"end":{"line":32,"column":47}},"16":{"start":{"line":33,"column":24},"end":{"line":33,"column":45}},"17":{"start":{"line":34,"column":25},"end":{"line":34,"column":47}},"18":{"start":{"line":35,"column":22},"end":{"line":35,"column":41}},"19":{"start":{"line":36,"column":6},"end":{"line":36,"column":58}},"20":{"start":{"line":41,"column":0},"end":{"line":92,"column":2}},"21":{"start":{"line":45,"column":35},"end":{"line":46,"column":32}},"22":{"start":{"line":48,"column":42},"end":{"line":51,"column":66}},"23":{"start":{"line":53,"column":40},"end":{"line":55,"column":56}},"24":{"start":{"line":57,"column":16},"end":{"line":57,"column":25}},"25":{"start":{"line":58,"column":20},"end":{"line":58,"column":40}},"26":{"start":{"line":60,"column":22},"end":{"line":60,"column":24}},"27":{"start":{"line":61,"column":2},"end":{"line":91,"column":4}},"28":{"start":{"line":66,"column":24},"end":{"line":66,"column":43}},"29":{"start":{"line":67,"column":27},"end":{"line":67,"column":49}},"30":{"start":{"line":68,"column":26},"end":{"line":68,"column":47}},"31":{"start":{"line":69,"column":27},"end":{"line":69,"column":49}},"32":{"start":{"line":71,"column":8},"end":{"line":78,"column":10}},"33":{"start":{"line":80,"column":18},"end":{"line":80,"column":69}},"34":{"start":{"line":83,"column":8},"end":{"line":83,"column":59}},"35":{"start":{"line":85,"column":18},"end":{"line":85,"column":67}},"36":{"start":{"line":88,"column":8},"end":{"line":88,"column":58}},"37":{"start":{"line":89,"column":8},"end":{"line":89,"column":29}},"38":{"start":{"line":95,"column":0},"end":{"line":104,"column":2}},"39":{"start":{"line":97,"column":17},"end":{"line":97,"column":73}},"40":{"start":{"line":98,"column":43},"end":{"line":100,"column":52}},"41":{"start":{"line":102,"column":16},"end":{"line":102,"column":39}},"42":{"start":{"line":103,"column":2},"end":{"line":103,"column":58}},"43":{"start":{"line":107,"column":0},"end":{"line":116,"column":2}},"44":{"start":{"line":109,"column":17},"end":{"line":109,"column":69}},"45":{"start":{"line":110,"column":39},"end":{"line":112,"column":47}},"46":{"start":{"line":114,"column":16},"end":{"line":114,"column":35}},"47":{"start":{"line":115,"column":2},"end":{"line":115,"column":54}},"48":{"start":{"line":119,"column":0},"end":{"line":127,"column":2}},"49":{"start":{"line":121,"column":36},"end":{"line":123,"column":44}},"50":{"start":{"line":125,"column":16},"end":{"line":125,"column":36}},"51":{"start":{"line":126,"column":2},"end":{"line":126,"column":51}},"52":{"start":{"line":130,"column":0},"end":{"line":153,"column":2}},"53":{"start":{"line":132,"column":41},"end":{"line":133,"column":60}},"54":{"start":{"line":134,"column":21},"end":{"line":134,"column":49}},"55":{"start":{"line":135,"column":23},"end":{"line":138,"column":3}},"56":{"start":{"line":140,"column":2},"end":{"line":144,"column":3}},"57":{"start":{"line":141,"column":4},"end":{"line":143,"column":5}},"58":{"start":{"line":142,"column":6},"end":{"line":142,"column":23}},"59":{"start":{"line":146,"column":43},"end":{"line":148,"column":52}},"60":{"start":{"line":150,"column":16},"end":{"line":150,"column":43}},"61":{"start":{"line":151,"column":2},"end":{"line":151,"column":57}},"62":{"start":{"line":152,"column":2},"end":{"line":152,"column":20}},"63":{"start":{"line":156,"column":0},"end":{"line":181,"column":2}},"64":{"start":{"line":158,"column":37},"end":{"line":159,"column":55}},"65":{"start":{"line":160,"column":21},"end":{"line":160,"column":45}},"66":{"start":{"line":161,"column":23},"end":{"line":161,"column":76}},"67":{"start":{"line":163,"column":2},"end":{"line":167,"column":3}},"68":{"start":{"line":164,"column":4},"end":{"line":166,"column":5}},"69":{"start":{"line":165,"column":6},"end":{"line":165,"column":23}},"70":{"start":{"line":169,"column":39},"end":{"line":171,"column":47}},"71":{"start":{"line":173,"column":16},"end":{"line":173,"column":39}},"72":{"start":{"line":174,"column":2},"end":{"line":174,"column":53}},"73":{"start":{"line":176,"column":34},"end":{"line":176,"column":76}},"74":{"start":{"line":177,"column":24},"end":{"line":177,"column":35}},"75":{"start":{"line":178,"column":2},"end":{"line":178,"column":56}},"76":{"start":{"line":180,"column":2},"end":{"line":180,"column":20}},"77":{"start":{"line":184,"column":0},"end":{"line":196,"column":2}},"78":{"start":{"line":187,"column":38},"end":{"line":188,"column":76}},"79":{"start":{"line":190,"column":16},"end":{"line":190,"column":30}},"80":{"start":{"line":192,"column":22},"end":{"line":192,"column":24}},"81":{"start":{"line":193,"column":18},"end":{"line":193,"column":67}},"82":{"start":{"line":194,"column":2},"end":{"line":194,"column":43}},"83":{"start":{"line":195,"column":2},"end":{"line":195,"column":23}},"84":{"start":{"line":199,"column":0},"end":{"line":213,"column":2}},"85":{"start":{"line":202,"column":42},"end":{"line":205,"column":67}},"86":{"start":{"line":207,"column":16},"end":{"line":207,"column":30}},"87":{"start":{"line":209,"column":22},"end":{"line":209,"column":24}},"88":{"start":{"line":210,"column":18},"end":{"line":210,"column":71}},"89":{"start":{"line":211,"column":2},"end":{"line":211,"column":47}},"90":{"start":{"line":212,"column":2},"end":{"line":212,"column":23}},"91":{"start":{"line":216,"column":0},"end":{"line":229,"column":2}},"92":{"start":{"line":219,"column":40},"end":{"line":221,"column":57}},"93":{"start":{"line":223,"column":16},"end":{"line":223,"column":30}},"94":{"start":{"line":225,"column":22},"end":{"line":225,"column":24}},"95":{"start":{"line":226,"column":18},"end":{"line":226,"column":69}},"96":{"start":{"line":227,"column":2},"end":{"line":227,"column":45}},"97":{"start":{"line":228,"column":2},"end":{"line":228,"column":23}},"98":{"start":{"line":232,"column":0},"end":{"line":246,"column":2}},"99":{"start":{"line":233,"column":20},"end":{"line":244,"column":96}},"100":{"start":{"line":245,"column":2},"end":{"line":245,"column":34}},"101":{"start":{"line":249,"column":0},"end":{"line":263,"column":2}},"102":{"start":{"line":252,"column":46},"end":{"line":255,"column":81}},"103":{"start":{"line":257,"column":16},"end":{"line":257,"column":20}},"104":{"start":{"line":259,"column":22},"end":{"line":259,"column":24}},"105":{"start":{"line":260,"column":18},"end":{"line":260,"column":75}},"106":{"start":{"line":261,"column":2},"end":{"line":261,"column":47}},"107":{"start":{"line":262,"column":2},"end":{"line":262,"column":23}},"108":{"start":{"line":266,"column":0},"end":{"line":283,"column":2}},"109":{"start":{"line":269,"column":52},"end":{"line":272,"column":61}},"110":{"start":{"line":274,"column":16},"end":{"line":274,"column":18}},"111":{"start":{"line":276,"column":22},"end":{"line":276,"column":24}},"112":{"start":{"line":277,"column":18},"end":{"line":280,"column":3}},"113":{"start":{"line":281,"column":2},"end":{"line":281,"column":44}},"114":{"start":{"line":282,"column":2},"end":{"line":282,"column":23}},"115":{"start":{"line":286,"column":0},"end":{"line":305,"column":2}},"116":{"start":{"line":289,"column":44},"end":{"line":297,"column":3}},"117":{"start":{"line":299,"column":16},"end":{"line":299,"column":18}},"118":{"start":{"line":301,"column":22},"end":{"line":301,"column":24}},"119":{"start":{"line":302,"column":18},"end":{"line":302,"column":73}},"120":{"start":{"line":303,"column":2},"end":{"line":303,"column":45}},"121":{"start":{"line":304,"column":2},"end":{"line":304,"column":23}},"122":{"start":{"line":308,"column":0},"end":{"line":344,"column":2}},"123":{"start":{"line":316,"column":25},"end":{"line":316,"column":72}},"124":{"start":{"line":317,"column":39},"end":{"line":319,"column":67}},"125":{"start":{"line":321,"column":16},"end":{"line":321,"column":41}},"126":{"start":{"line":322,"column":2},"end":{"line":322,"column":53}},"127":{"start":{"line":324,"column":2},"end":{"line":338,"column":3}},"128":{"start":{"line":326,"column":46},"end":{"line":328,"column":30}},"129":{"start":{"line":330,"column":27},"end":{"line":330,"column":73}},"130":{"start":{"line":331,"column":4},"end":{"line":331,"column":69}},"131":{"start":{"line":334,"column":48},"end":{"line":334,"column":130}},"132":{"start":{"line":335,"column":24},"end":{"line":335,"column":41}},"133":{"start":{"line":336,"column":4},"end":{"line":336,"column":68}},"134":{"start":{"line":337,"column":4},"end":{"line":337,"column":25}},"135":{"start":{"line":340,"column":46},"end":{"line":340,"column":128}},"136":{"start":{"line":341,"column":22},"end":{"line":341,"column":39}},"137":{"start":{"line":342,"column":2},"end":{"line":342,"column":66}},"138":{"start":{"line":343,"column":2},"end":{"line":343,"column":38}},"139":{"start":{"line":347,"column":0},"end":{"line":360,"column":2}},"140":{"start":{"line":350,"column":45},"end":{"line":352,"column":19}},"141":{"start":{"line":354,"column":16},"end":{"line":354,"column":27}},"142":{"start":{"line":356,"column":22},"end":{"line":356,"column":24}},"143":{"start":{"line":357,"column":18},"end":{"line":357,"column":74}},"144":{"start":{"line":358,"column":2},"end":{"line":358,"column":57}},"145":{"start":{"line":359,"column":2},"end":{"line":359,"column":23}}},"fnMap":{"0":{"name":"(anonymous_0)","decl":{"start":{"line":3,"column":30},"end":{"line":3,"column":31}},"loc":{"start":{"line":3,"column":50},"end":{"line":7,"column":1}},"line":3},"1":{"name":"(anonymous_1)","decl":{"start":{"line":10,"column":30},"end":{"line":10,"column":31}},"loc":{"start":{"line":10,"column":52},"end":{"line":17,"column":1}},"line":10},"2":{"name":"(anonymous_2)","decl":{"start":{"line":20,"column":23},"end":{"line":20,"column":24}},"loc":{"start":{"line":20,"column":58},"end":{"line":38,"column":1}},"line":20},"3":{"name":"(anonymous_3)","decl":{"start":{"line":29,"column":10},"end":{"line":29,"column":11}},"loc":{"start":{"line":29,"column":16},"end":{"line":29,"column":63}},"line":29},"4":{"name":"(anonymous_4)","decl":{"start":{"line":30,"column":10},"end":{"line":30,"column":11}},"loc":{"start":{"line":30,"column":23},"end":{"line":37,"column":5}},"line":30},"5":{"name":"(anonymous_5)","decl":{"start":{"line":41,"column":22},"end":{"line":41,"column":23}},"loc":{"start":{"line":41,"column":39},"end":{"line":92,"column":1}},"line":41},"6":{"name":"(anonymous_6)","decl":{"start":{"line":65,"column":12},"end":{"line":65,"column":13}},"loc":{"start":{"line":65,"column":25},"end":{"line":79,"column":7}},"line":65},"7":{"name":"(anonymous_7)","decl":{"start":{"line":80,"column":12},"end":{"line":80,"column":13}},"loc":{"start":{"line":80,"column":18},"end":{"line":80,"column":69}},"line":80},"8":{"name":"(anonymous_8)","decl":{"start":{"line":82,"column":12},"end":{"line":82,"column":13}},"loc":{"start":{"line":82,"column":25},"end":{"line":84,"column":7}},"line":82},"9":{"name":"(anonymous_9)","decl":{"start":{"line":85,"column":12},"end":{"line":85,"column":13}},"loc":{"start":{"line":85,"column":18},"end":{"line":85,"column":67}},"line":85},"10":{"name":"(anonymous_10)","decl":{"start":{"line":87,"column":12},"end":{"line":87,"column":13}},"loc":{"start":{"line":87,"column":25},"end":{"line":90,"column":7}},"line":87},"11":{"name":"(anonymous_11)","decl":{"start":{"line":95,"column":36},"end":{"line":95,"column":37}},"loc":{"start":{"line":95,"column":78},"end":{"line":104,"column":1}},"line":95},"12":{"name":"(anonymous_12)","decl":{"start":{"line":107,"column":32},"end":{"line":107,"column":33}},"loc":{"start":{"line":107,"column":66},"end":{"line":116,"column":1}},"line":107},"13":{"name":"(anonymous_13)","decl":{"start":{"line":119,"column":31},"end":{"line":119,"column":32}},"loc":{"start":{"line":119,"column":47},"end":{"line":127,"column":1}},"line":119},"14":{"name":"(anonymous_14)","decl":{"start":{"line":130,"column":36},"end":{"line":130,"column":37}},"loc":{"start":{"line":130,"column":65},"end":{"line":153,"column":1}},"line":130},"15":{"name":"(anonymous_15)","decl":{"start":{"line":156,"column":32},"end":{"line":156,"column":33}},"loc":{"start":{"line":156,"column":57},"end":{"line":181,"column":1}},"line":156},"16":{"name":"(anonymous_16)","decl":{"start":{"line":184,"column":31},"end":{"line":184,"column":32}},"loc":{"start":{"line":184,"column":43},"end":{"line":196,"column":1}},"line":184},"17":{"name":"(anonymous_17)","decl":{"start":{"line":199,"column":36},"end":{"line":199,"column":37}},"loc":{"start":{"line":199,"column":48},"end":{"line":213,"column":1}},"line":199},"18":{"name":"(anonymous_18)","decl":{"start":{"line":216,"column":33},"end":{"line":216,"column":34}},"loc":{"start":{"line":216,"column":45},"end":{"line":229,"column":1}},"line":216},"19":{"name":"(anonymous_19)","decl":{"start":{"line":232,"column":33},"end":{"line":232,"column":34}},"loc":{"start":{"line":232,"column":45},"end":{"line":246,"column":1}},"line":232},"20":{"name":"(anonymous_20)","decl":{"start":{"line":249,"column":42},"end":{"line":249,"column":43}},"loc":{"start":{"line":249,"column":54},"end":{"line":263,"column":1}},"line":249},"21":{"name":"(anonymous_21)","decl":{"start":{"line":266,"column":39},"end":{"line":266,"column":40}},"loc":{"start":{"line":266,"column":51},"end":{"line":283,"column":1}},"line":266},"22":{"name":"(anonymous_22)","decl":{"start":{"line":286,"column":49},"end":{"line":286,"column":50}},"loc":{"start":{"line":286,"column":61},"end":{"line":305,"column":1}},"line":286},"23":{"name":"(anonymous_23)","decl":{"start":{"line":308,"column":49},"end":{"line":308,"column":50}},"loc":{"start":{"line":314,"column":6},"end":{"line":344,"column":1}},"line":314},"24":{"name":"(anonymous_24)","decl":{"start":{"line":347,"column":52},"end":{"line":347,"column":53}},"loc":{"start":{"line":347,"column":64},"end":{"line":360,"column":1}},"line":347}},"branchMap":{"0":{"loc":{"start":{"line":97,"column":17},"end":{"line":97,"column":73}},"type":"cond-expr","locations":[{"start":{"line":97,"column":52},"end":{"line":97,"column":60}},{"start":{"line":97,"column":63},"end":{"line":97,"column":73}}],"line":97},"1":{"loc":{"start":{"line":109,"column":17},"end":{"line":109,"column":69}},"type":"cond-expr","locations":[{"start":{"line":109,"column":48},"end":{"line":109,"column":56}},{"start":{"line":109,"column":59},"end":{"line":109,"column":69}}],"line":109},"2":{"loc":{"start":{"line":140,"column":2},"end":{"line":144,"column":3}},"type":"if","locations":[{"start":{"line":140,"column":2},"end":{"line":144,"column":3}},{"start":{},"end":{}}],"line":140},"3":{"loc":{"start":{"line":141,"column":4},"end":{"line":143,"column":5}},"type":"if","locations":[{"start":{"line":141,"column":4},"end":{"line":143,"column":5}},{"start":{},"end":{}}],"line":141},"4":{"loc":{"start":{"line":163,"column":2},"end":{"line":167,"column":3}},"type":"if","locations":[{"start":{"line":163,"column":2},"end":{"line":167,"column":3}},{"start":{},"end":{}}],"line":163},"5":{"loc":{"start":{"line":164,"column":4},"end":{"line":166,"column":5}},"type":"if","locations":[{"start":{"line":164,"column":4},"end":{"line":166,"column":5}},{"start":{},"end":{}}],"line":164},"6":{"loc":{"start":{"line":316,"column":25},"end":{"line":316,"column":72}},"type":"cond-expr","locations":[{"start":{"line":316,"column":49},"end":{"line":316,"column":59}},{"start":{"line":316,"column":62},"end":{"line":316,"column":72}}],"line":316},"7":{"loc":{"start":{"line":324,"column":2},"end":{"line":338,"column":3}},"type":"if","locations":[{"start":{"line":324,"column":2},"end":{"line":338,"column":3}},{"start":{},"end":{}}],"line":324}},"s":{"0":1,"1":1,"2":0,"3":0,"4":0,"5":1,"6":0,"7":0,"8":0,"9":1,"10":0,"11":0,"12":0,"13":0,"14":0,"15":0,"16":0,"17":0,"18":0,"19":0,"20":1,"21":0,"22":0,"23":0,"24":0,"25":0,"26":0,"27":0,"28":0,"29":0,"30":0,"31":0,"32":0,"33":0,"34":0,"35":0,"36":0,"37":0,"38":1,"39":0,"40":0,"41":0,"42":0,"43":1,"44":0,"45":0,"46":0,"47":0,"48":1,"49":0,"50":0,"51":0,"52":1,"53":0,"54":0,"55":0,"56":0,"57":0,"58":0,"59":0,"60":0,"61":0,"62":0,"63":1,"64":0,"65":0,"66":0,"67":0,"68":0,"69":0,"70":0,"71":0,"72":0,"73":0,"74":0,"75":0,"76":0,"77":1,"78":0,"79":0,"80":0,"81":0,"82":0,"83":0,"84":1,"85":0,"86":0,"87":0,"88":0,"89":0,"90":0,"91":1,"92":0,"93":0,"94":0,"95":0,"96":0,"97":0,"98":1,"99":0,"100":0,"101":1,"102":0,"103":0,"104":0,"105":0,"106":0,"107":0,"108":1,"109":0,"110":0,"111":0,"112":0,"113":0,"114":0,"115":1,"116":0,"117":0,"118":0,"119":0,"120":0,"121":0,"122":1,"123":0,"124":0,"125":0,"126":0,"127":0,"128":0,"129":0,"130":0,"131":0,"132":0,"133":0,"134":0,"135":0,"136":0,"137":0,"138":0,"139":1,"140":0,"141":0,"142":0,"143":0,"144":0,"145":0},"f":{"0":0,"1":0,"2":0,"3":0,"4":0,"5":0,"6":0,"7":0,"8":0,"9":0,"10":0,"11":0,"12":0,"13":0,"14":0,"15":0,"16":0,"17":0,"18":0,"19":0,"20":0,"21":0,"22":0,"23":0,"24":0},"b":{"0":[0,0],"1":[0,0],"2":[0,0],"3":[0,0],"4":[0,0],"5":[0,0],"6":[0,0],"7":[0,0]},"_coverageSchema":"1a1c01bbd47fc00a2c39e90264f33305004495a9","hash":"c6a34ffa9ace4fecd4a98cfd4dfe48bc4a4198d4"}
,"C:\\Users\\kevin\\Escritorio\\AYD1_P1_G1\\backend\\src\\models\\company.js": {"path":"C:\\Users\\kevin\\Escritorio\\AYD1_P1_G1\\backend\\src\\models\\company.js","statementMap":{"0":{"start":{"line":1,"column":11},"end":{"line":1,"column":33}},"1":{"start":{"line":2,"column":31},"end":{"line":2,"column":60}},"2":{"start":{"line":3,"column":21},"end":{"line":3,"column":50}},"3":{"start":{"line":5,"column":0},"end":{"line":9,"column":2}},"4":{"start":{"line":6,"column":28},"end":{"line":6,"column":90}},"5":{"start":{"line":7,"column":15},"end":{"line":7,"column":29}},"6":{"start":{"line":8,"column":2},"end":{"line":8,"column":43}},"7":{"start":{"line":12,"column":0},"end":{"line":20,"column":2}},"8":{"start":{"line":14,"column":20},"end":{"line":16,"column":55}},"9":{"start":{"line":17,"column":16},"end":{"line":18,"column":109}},"10":{"start":{"line":19,"column":2},"end":{"line":19,"column":42}},"11":{"start":{"line":24,"column":0},"end":{"line":30,"column":2}},"12":{"start":{"line":25,"column":19},"end":{"line":25,"column":33}},"13":{"start":{"line":26,"column":30},"end":{"line":28,"column":56}},"14":{"start":{"line":29,"column":2},"end":{"line":29,"column":56}},"15":{"start":{"line":33,"column":0},"end":{"line":40,"column":2}},"16":{"start":{"line":34,"column":19},"end":{"line":34,"column":33}},"17":{"start":{"line":35,"column":30},"end":{"line":38,"column":56}},"18":{"start":{"line":39,"column":2},"end":{"line":39,"column":56}},"19":{"start":{"line":43,"column":0},"end":{"line":62,"column":2}},"20":{"start":{"line":44,"column":37},"end":{"line":46,"column":50}},"21":{"start":{"line":48,"column":37},"end":{"line":48,"column":172}},"22":{"start":{"line":49,"column":16},"end":{"line":49,"column":47}},"23":{"start":{"line":50,"column":2},"end":{"line":61,"column":7}},"24":{"start":{"line":51,"column":16},"end":{"line":51,"column":67}},"25":{"start":{"line":54,"column":27},"end":{"line":54,"column":51}},"26":{"start":{"line":55,"column":21},"end":{"line":55,"column":44}},"27":{"start":{"line":56,"column":28},"end":{"line":56,"column":58}},"28":{"start":{"line":57,"column":25},"end":{"line":57,"column":52}},"29":{"start":{"line":58,"column":19},"end":{"line":58,"column":40}},"30":{"start":{"line":59,"column":26},"end":{"line":59,"column":51}},"31":{"start":{"line":60,"column":6},"end":{"line":60,"column":99}},"32":{"start":{"line":65,"column":0},"end":{"line":115,"column":2}},"33":{"start":{"line":67,"column":37},"end":{"line":69,"column":60}},"34":{"start":{"line":70,"column":40},"end":{"line":72,"column":36}},"35":{"start":{"line":73,"column":38},"end":{"line":75,"column":34}},"36":{"start":{"line":76,"column":16},"end":{"line":76,"column":27}},"37":{"start":{"line":77,"column":19},"end":{"line":77,"column":21}},"38":{"start":{"line":78,"column":2},"end":{"line":114,"column":7}},"39":{"start":{"line":81,"column":22},"end":{"line":81,"column":43}},"40":{"start":{"line":82,"column":24},"end":{"line":82,"column":48}},"41":{"start":{"line":83,"column":28},"end":{"line":83,"column":58}},"42":{"start":{"line":84,"column":25},"end":{"line":84,"column":52}},"43":{"start":{"line":85,"column":22},"end":{"line":85,"column":46}},"44":{"start":{"line":86,"column":27},"end":{"line":86,"column":56}},"45":{"start":{"line":87,"column":32},"end":{"line":87,"column":63}},"46":{"start":{"line":88,"column":27},"end":{"line":88,"column":53}},"47":{"start":{"line":89,"column":26},"end":{"line":89,"column":51}},"48":{"start":{"line":90,"column":24}
[...]
":{"line":324,"column":43}},"146":{"start":{"line":325,"column":2},"end":{"line":325,"column":23}}},"fnMap":{"0":{"name":"(anonymous_0)","decl":{"start":{"line":3,"column":30},"end":{"line":3,"column":31}},"loc":{"start":{"line":3,"column":49},"end":{"line":7,"column":1}},"line":3},"1":{"name":"(anonymous_1)","decl":{"start":{"line":10,"column":26},"end":{"line":10,"column":27}},"loc":{"start":{"line":15,"column":5},"end":{"line":27,"column":1}},"line":15},"2":{"name":"(anonymous_2)","decl":{"start":{"line":30,"column":28},"end":{"line":30,"column":29}},"loc":{"start":{"line":30,"column":49},"end":{"line":37,"column":1}},"line":30},"3":{"name":"(anonymous_3)","decl":{"start":{"line":40,"column":30},"end":{"line":40,"column":31}},"loc":{"start":{"line":40,"column":51},"end":{"line":47,"column":1}},"line":40},"4":{"name":"(anonymous_4)","decl":{"start":{"line":50,"column":23},"end":{"line":50,"column":24}},"loc":{"start":{"line":50,"column":56},"end":{"line":68,"column":1}},"line":50},"5":{"name":"(anonymous_5)","decl":{"start":{"line":58,"column":10},"end":{"line":58,"column":11}},"loc":{"start":{"line":58,"column":16},"end":{"line":58,"column":61}},"line":58},"6":{"name":"(anonymous_6)","decl":{"start":{"line":59,"column":10},"end":{"line":59,"column":11}},"loc":{"start":{"line":59,"column":23},"end":{"line":67,"column":5}},"line":59},"7":{"name":"(anonymous_7)","decl":{"start":{"line":71,"column":22},"end":{"line":71,"column":23}},"loc":{"start":{"line":71,"column":44},"end":{"line":136,"column":1}},"line":71},"8":{"name":"(anonymous_8)","decl":{"start":{"line":91,"column":12},"end":{"line":91,"column":13}},"loc":{"start":{"line":91,"column":25},"end":{"line":123,"column":7}},"line":91},"9":{"name":"(anonymous_9)","decl":{"start":{"line":124,"column":12},"end":{"line":124,"column":13}},"loc":{"start":{"line":124,"column":18},"end":{"line":124,"column":67}},"line":124},"10":{"name":"(anonymous_10)","decl":{"start":{"line":126,"column":12},"end":{"line":126,"column":13}},"loc":{"start":{"line":126,"column":25},"end":{"line":128,"column":7}},"line":126},"11":{"name":"(anonymous_11)","decl":{"start":{"line":129,"column":12},"end":{"line":129,"column":13}},"loc":{"start":{"line":129,"column":18},"end":{"line":129,"column":60}},"line":129},"12":{"name":"(anonymous_12)","decl":{"start":{"line":131,"column":12},"end":{"line":131,"column":13}},"loc":{"start":{"line":131,"column":25},"end":{"line":134,"column":7}},"line":131},"13":{"name":"(anonymous_13)","decl":{"start":{"line":139,"column":32},"end":{"line":139,"column":33}},"loc":{"start":{"line":139,"column":44},"end":{"line":153,"column":1}},"line":139},"14":{"name":"(anonymous_14)","decl":{"start":{"line":156,"column":30},"end":{"line":156,"column":31}},"loc":{"start":{"line":156,"column":42},"end":{"line":170,"column":1}},"line":156},"15":{"name":"(anonymous_15)","decl":{"start":{"line":173,"column":34},"end":{"line":173,"column":35}},"loc":{"start":{"line":173,"column":56},"end":{"line":209,"column":1}},"line":173},"16":{"name":"(anonymous_16)","decl":{"start":{"line":212,"column":33},"end":{"line":212,"column":34}},"loc":{"start":{"line":212,"column":45},"end":{"line":225,"column":1}},"line":212},"17":{"name":"(anonymous_17)","decl":{"start":{"line":228,"column":30},"end":{"line":228,"column":31}},"loc":{"start":{"line":228,"column":76},"end":{"line":240,"column":1}},"line":228},"18":{"name":"(anonymous_18)","decl":{"start":{"line":244,"column":31},"end":{"line":244,"column":32}},"loc":{"start":{"line":244,"column":120},"end":{"line":310,"column":1}},"line":244},"19":{"name":"(anonymous_19)","decl":{"start":{"line":314,"column":27},"end":{"line":314,"column":28}},"loc":{"start":{"line":314,"column":49},"end":{"line":326,"column":1}},"line":314}},"branchMap":{"0":{"loc":{"start":{"line":82,"column":2},"end":{"line":85,"column":3}},"type":"if","locations":[{"start":{"line":82,"column":2},"end":{"line":85,"column":3}},{"start":{},"end":{}}],"line":82},"1":{"loc":{"start":{"line":98,"column":8},"end":{"line":122,"column":9}},"type":"if","locations":[{"start":{"line":98,"column":8},"end":{"line":122,"column":9}},{"start":{"line":111,"column":15},"end":{"line":122,"column":9}}],"line":98},"2":{"loc":{"start":{"line":98,"column":12},"end":{"line":98,"column":47}},"type":"binary-expr","locations":[{"start":{"line":98,"column":12},"end":{"line":98,"column":29}},{"start":{"line":98,"column":33},"end":{"line":98,"column":47}}],"line":98},"3":{"loc":{"start":{"line":247,"column":2},"end":{"line":308,"column":3}},"type":"if","locations":[{"start":{"line":247,"column":2},"end":{"line":308,"column":3}},{"start":{"line":280,"column":7},"end":{"line":308,"column":3}}],"line":247},"4":{"loc":{"start":{"line":261,"column":6},"end":{"line":266,"column":7}},"type":"if","locations":[{"start":{"line":261,"column":6},"end":{"line":266,"column":7}},{"start":{},"end":{}}],"line":261},"5":{"loc":{"start":{"line":268,"column":6},"end":{"line":273,"column":7}},"type":"if","locations":[{"start":{"line":268,"column":6},"end":{"line":273,"column":7}},{"start":{},"end":{}}],"line":268},"6":{"loc":{"start":{"line":294,"column":6},"end":{"line":299,"column":7}},"type":"if","locations":[{"start":{"line":294,"column":6},"end":{"line":299,"column":7}},{"start":{},"end":{}}],"line":294},"7":{"loc":{"start":{"line":301,"column":6},"end":{"line":306,"column":7}},"type":"if","locations":[{"start":{"line":301,"column":6},"end":{"line":306,"column":7}},{"start":{},"end":{}}],"line":301}},"s":{"0":1,"1":1,"2":0,"3":0,"4":0,"5":1,"6":0,"7":0,"8":0,"9":0,"10":0,"11":0,"12":0,"13":0,"14":0,"15":1,"16":0,"17":0,"18":0,"19":1,"20":0,"21":0,"22":0,"23":1,"24":0,"25":0,"26":0,"27":0,"28":0,"29":0,"30":0,"31":0,"32":0,"33":0,"34":0,"35":1,"36":0,"37":0,"38":0,"39":0,"40":0,"41":0,"42":0,"43":0,"44":0,"45":0,"46":0,"47":0,"48":0,"49":0,"50":0,"51":0,"52":0,"53":0,"54":0,"55":0,"56":0,"57":0,"58":0,"59":0,"60":0,"61":0,"62":0,"63":1,"64":0,"65":0,"66":0,"67":0,"68":0,"69":0,"70":1,"71":0,"72":0,"73":0,"74":0,"75":0,"76":0,"77":1,"78":0,"79":0,"80":0,"81":0,"82":0,"83":0,"84":0,"85":0,"86":0,"87":0,"88":1,"89":0,"90":0,"91":0,"92":0,"93":0,"94":0,"95":1,"96":0,"97":0,"98":0,"99":0,"100":0,"101":0,"102":0,"103":0,"104":1,"105":0,"106":0,"107":0,"108":0,"109":0,"110":0,"111":0,"112":0,"113":0,"114":0,"115":0,"116":0,"117":0,"118":0,"119":0,"120":0,"121":0,"122":0,"123":0,"124":0,"125":0,"126":0,"127":0,"128":0,"129":0,"130":0,"131":0,"132":0,"133":0,"134":0,"135":0,"136":0,"137":0,"138":0,"139":0,"140":1,"141":0,"142":0,"143":0,"144":0,"145":0,"146":0},"f":{"0":0,"1":0,"2":0,"3":0,"4":0,"5":0,"6":0,"7":0,"8":0,"9":0,"10":0,"11":0,"12":0,"13":0,"14":0,"15":0,"16":0,"17":0,"18":0,"19":0},"b":{"0":[0,0],"1":[0,0],"2":[0,0],"3":[0,0],"4":[0,0],"5":[0,0],"6":[0,0],"7":[0,0]},"_coverageSchema":"1a1c01bbd47fc00a2c39e90264f33305004495a9","hash":"9e8167e5c1a1773fe1505d0f60176ad2628aaa01"}
,"C:\\Users\\kevin\\Escritorio\\AYD1_P1_G1\\backend\\src\\routes\\404.js": {"path":"C:\\Users\\kevin\\Escritorio\\AYD1_P1_G1\\backend\\src\\routes\\404.js","statementMap":{"0":{"start":{"line":1,"column":16},"end":{"line":1,"column":34}},"1":{"start":{"line":2,"column":15},"end":{"line":2,"column":31}},"2":{"start":{"line":4,"column":0},"end":{"line":6,"column":3}},"3":{"start":{"line":5,"column":2},"end":{"line":5,"column":56}},"4":{"start":{"line":8,"column":0},"end":{"line":8,"column":24}}},"fnMap":{"0":{"name":"(anonymous_0)","decl":{"start":{"line":4,"column":11},"end":{"line":4,"column":12}},"loc":{"start":{"line":4,"column":31},"end":{"line":6,"column":1}},"line":4}},"branchMap":{},"s":{"0":1,"1":1,"2":1,"3":0,"4":1},"f":{"0":0},"b":{},"_coverageSchema":"1a1c01bbd47fc00a2c39e90264f33305004495a9","hash":"f253cfa779d1e9fd881abe0342e1fda4c11de2f7"}
,"C:\\Users\\kevin\\Escritorio\\AYD1_P1_G1\\backend\\src\\routes\\admin.js": {"path":"C:\\Users\\kevin\\Escritorio\\AYD1_P1_G1\\backend\\src\\routes\\admin.js","statementMap":{"0":{"start":{"line":1,"column":16},"end":{"line":1,"column":34}},"1":{"start":{"line":2,"column":15},"end":{"line":2,"column":31}},"2":{"start":{"line":6,"column":4},"end":{"line":6,"column":35}},"3":{"start":{"line":8,"column":0},"end":{"line":8,"column":40}},"4":{"start":{"line":10,"column":0},"end":{"line":10,"column":24}}},"fnMap":{},"branchMap":{},"s":{"0":1,"1":1,"2":1,"3":1,"4":1},"f":{},"b":{},"_coverageSchema":"1a1c01bbd47fc00a2c39e90264f33305004495a9","hash":"705af209c3c3019b87c022c9b3a247550fa07616"}
,"C:\\Users\\kevin\\Escritorio\\AYD1_P1_G1\\backend\\src\\routes\\company.js": {"path":"C:\\Users\\kevin\\Escritorio\\AYD1_P1_G1\\backend\\src\\routes\\company.js","statementMap":{"0":{"start":{"line":1,"column":16},"end":{"line":1,"column":34}},"1":{"start":{"line":2,"column":15},"end":{"line":2,"column":31}},"2":{"start":{"line":7,"column":4},"end":{"line":7,"column":37}},"3":{"start":{"line":9,"column":0},"end":{"line":9,"column":54}},"4":{"start":{"line":10,"column":0},"end":{"line":10,"column":44}},"5":{"start":{"line":12,"column":0},"end":{"line":12,"column":24}}},"fnMap":{},"branchMap":{},"s":{"0":1,"1":1,"2":1,"3":1,"4":1,"5":1},"f":{},"b":{},"_coverageSchema":"1a1c01bbd47fc00a2c39e90264f33305004495a9","hash":"daac476cdded9ec73ee9df9134685872e9a7ea92"}
,"C:\\Users\\kevin\\Escritorio\\AYD1_P1_G1\\backend\\src\\routes\\deliveryMan.js": {"path":"C:\\Users\\kevin\\Escritorio\\AYD1_P1_G1\\backend\\src\\routes\\deliveryMan.js","statementMap":{"0":{"start":{"line":1,"column":16},"end":{"line":1,"column":34}},"1":{"start":{"line":2,"column":15},"end":{"line":2,"column":31}},"2":{"start":{"line":7,"column":4},"end":{"line":7,"column":41}},"3":{"start":{"line":9,"column":0},"end":{"line":9,"column":63}},"4":{"start":{"line":10,"column":0},"end":{"line":10,"column":53}},"5":{"start":{"line":12,"column":0},"end":{"line":12,"column":24}}},"fnMap":{},"branchMap":{},"s":{"0":1,"1":1,"2":1,"3":1,"4":1,"5":1},"f":{},"b":{},"_coverageSchema":"1a1c01bbd47fc00a2c39e90264f33305004495a9","hash":"fd3f98585ce1c9406615e443d4ff19f9a192a808"}
,"C:\\Users\\kevin\\Escritorio\\AYD1_P1_G1\\backend\\src\\routes\\infoAdmin.js": {"path":"C:\\Users\\kevin\\Escritorio\\AYD1_P1_G1\\backend\\src\\routes\\infoAdmin.js","statementMap":{"0":{"start":{"line":1,"column":16},"end":{"line":1,"column":34}},"1":{"start":{"line":2,"column":15},"end":{"line":2,"column":31}},"2":{"start":{"line":8,"column":38},"end":{"line":8,"column":73}},"3":{"start":{"line":10,"column":0},"end":{"line":10,"column":38}},"4":{"start":{"line":11,"column":0},"end":{"line":11,"column":62}},"5":{"start":{"line":12,"column":0},"end":{"line":12,"column":90}},"6":{"start":{"line":13,"column":0},"end":{"line":13,"column":53}},"7":{"start":{"line":14,"column":0},"end":{"line":14,"column":51}},"8":{"start":{"line":15,"column":0},"end":{"line":15,"column":53}},"9":{"start":{"line":16,"column":0},"end":{"line":16,"column":62}},"10":{"start":{"line":17,"column":0},"end":{"line":17,"column":51}},"11":{"start":{"line":18,"column":0},"end":{"line":18,"column":61}},"12":{"start":{"line":19,"column":0},"end":{"line":19,"column":55}},"13":{"start":{"line":20,"column":0},"end":{"line":20,"column":68}},"14":{"start":{"line":21,"column":0},"end":{"line":21,"column":68}},"15":{"start":{"line":22,"column":0},"end":{"line":22,"column":73}},"16":{"start":{"line":23,"column":0},"end":{"line":23,"column":52}},"17":{"start":{"line":24,"column":0},"end":{"line":24,"column":95}},"18":{"start":{"line":25,"column":0},"end":{"line":25,"column":24}}},"fnMap":{},"branchMap":{},"s":{"0":1,"1":1,"2":1,"3":1,"4":1,"5":1,"6":1,"7":1,"8":1,"9":1,"10":1,"11":1,"12":1,"13":1,"14":1,"15":1,"16":1,"17":1,"18":1},"f":{},"b":{},"_coverageSchema":"1a1c01bbd47fc00a2c39e90264f33305004495a9","hash":"9336992252bd56b3901e8ab3b27f208598740b1e"}
,"C:\\Users\\kevin\\Escritorio\\AYD1_P1_G1\\backend\\src\\routes\\infoCompany.js": {"path":"C:\\Users\\kevin\\Escritorio\\AYD1_P1_G1\\backend\\src\\routes\\infoCompany.js","statementMap":{"0":{"start":{"line":1,"column":16},"end":{"line":1,"column":34}},"1":{"start":{"line":2,"column":15},"end":{"line":2,"column":31}},"2":{"start":{"line":6,"column":16},"end":{"line":6,"column":53}},"3":{"start":{"line":9,"column":0},"end":{"line":9,"column":48}},"4":{"start":{"line":10,"column":0},"end":{"line":10,"column":44}},"5":{"start":{"line":11,"column":0},"end":{"line":11,"column":41}},"6":{"start":{"line":12,"column":0},"end":{"line":12,"column":50}},"7":{"start":{"line":13,"column":0},"end":{"line":13,"column":54}},"8":{"start":{"line":14,"column":0},"end":{"line":14,"column":46}},"9":{"start":{"line":15,"column":0},"end":{"line":15,"column":50}},"10":{"start":{"line":16,"column":0},"end":{"line":16,"column":70}},"11":{"start":{"line":17,"column":0},"end":{"line":17,"column":58}},"12":{"start":{"line":18,"column":0},"end":{"line":18,"column":73}},"13":{"start":{"line":19,"column":0},"end":{"line":19,"column":52}},"14":{"start":{"line":20,"column":0},"end":{"line":20,"column":51}},"15":{"start":{"line":21,"column":0},"end":{"line":21,"column":24}}},"fnMap":{},"branchMap":{},"s":{"0":1,"1":1,"2":1,"3":1,"4":1,"5":1,"6":1,"7":1,"8":1,"9":1,"10":1,"11":1,"12":1,"13":1,"14":1,"15":1},"f":{},"b":{},"_coverageSchema":"1a1c01bbd47fc00a2c39e90264f33305004495a9","hash":"0586e439e539f6971516d437ba216247c5f3a09f"}
,"C:\\Users\\kevin\\Escritorio\\AYD1_P1_G1\\backend\\src\\routes\\infoDeliveryMan.js": {"path":"C:\\Users\\kevin\\Escritorio\\AYD1_P1_G1\\backend\\src\\routes\\infoDeliveryMan.js","statementMap":{"0":{"start":{"line":1,"column":16},"end":{"line":1,"column":34}},"1":{"start":{"line":2,"column":15},"end":{"line":2,"column":31}},"2":{"start":{"line":6,"column":15},"end":{"line":6,"column":56}},"3":{"start":{"line":8,"column":0},"end":{"line":8,"column":50}},"4":{"start":{"line":9,"column":0},"end":{"line":9,"column":58}},"5":{"start":{"line":10,"column":0},"end":{"line":10,"column":67}},"6":{"start":{"line":11,"column":0},"end":{"line":11,"column":79}},"7":{"start":{"line":12,"column":0},"end":{"line":12,"column":56}},"8":{"start":{"line":13,"column":0},"end":{"line":13,"column":54}},"9":{"start":{"line":14,"column":0},"end":{"line":14,"column":71}},"10":{"start":{"line":15,"column":0},"end":{"line":15,"column":56}},"11":{"start":{"line":17,"column":0},"end":{"line":17,"column":24}}},"fnMap":{},"branchMap":{},"s":{"0":1,"1":1,"2":1,"3":1,"4":1,"5":1,"6":1,"7":1,"8":1,"9":1,"10":1,"11":1},"f":{},"b":{},"_coverageSchema":"1a1c01bbd47fc00a2c39e90264f33305004495a9","hash":"542ca966586514bf467b6be1de7d441a000a36a3"}
,"C:\\Users\\kevin\\Escritorio\\AYD1_P1_G1\\backend\\src\\routes\\infoUser.js": {"path":"C:\\Users\\kevin\\Escritorio\\AYD1_P1_G1\\backend\\src\\routes\\infoUser.js","statementMap":{"0":{"start":{"line":1,"column":16},"end":{"line":1,"column":34}},"1":{"start":{"line":2,"column":15},"end":{"line":2,"column":31}},"2":{"start":{"line":13,"column":4},"end":{"line":13,"column":38}},"3":{"start":{"line":15,"column":0},"end":{"line":15,"column":35}},"4":{"start":{"line":16,"column":0},"end":{"line":16,"column":53}},"5":{"start":{"line":17,"column":0},"end":{"line":17,"column":49}},"6":{"start":{"line":18,"column":0},"end":{"line":18,"column":55}},"7":{"start":{"line":19,"column":0},"end":{"line":19,"column":53}},"8":{"start":{"line":20,"column":0},"end":{"line":20,"column":50}},"9":{"start":{"line":21,"column":0},"end":{"line":21,"column":51}},"10":{"start":{"line":22,"column":0},"end":{"line":22,"column":47}},"11":{"start":{"line":24,"column":0},"end":{"line":24,"column":24}}},"fnMap":{},"branchMap":{},"s":{"0":1,"1":1,"2":1,"3":1,"4":1,"5":1,"6":1,"7":1,"8":1,"9":1,"10":1,"11":1},"f":{},"b":{},"_coverageSchema":"1a1c01bbd47fc00a2c39e90264f33305004495a9","hash":"4b89e76b63d890e5a519a828b52c692284c33bab"}
,"C:\\Users\\kevin\\Escritorio\\AYD1_P1_G1\\backend\\src\\routes\\user.js": {"path":"C:\\Users\\kevin\\Escritorio\\AYD1_P1_G1\\backend\\src\\routes\\user.js","statementMap":{"0":{"start":{"line":1,"column":16},"end":{"line":1,"column":34}},"1":{"start":{"line":2,"column":15},"end":{"line":2,"column":31}},"2":{"start":{"line":7,"column":4},"end":{"line":7,"column":34}},"3":{"start":{"line":9,"column":0},"end":{"line":9,"column":48}},"4":{"start":{"line":10,"column":0},"end":{"line":10,"column":38}},"5":{"start":{"line":12,"column":0},"end":{"line":12,"column":24}}},"fnMap":{},"branchMap":{},"s":{"0":1,"1":1,"2":1,"3":1,"4":1,"5":1},"f":{},"b":{},"_coverageSchema":"1a1c01bbd47fc00a2c39e90264f33305004495a9","hash":"d3d78bf9e1625b74b3ba11a2f62535a12994825f"}
,"C:\\Users\\kevin\\Escritorio\\AYD1_P1_G1\\backend\\src\\utils\\db.js": {"path":"C:\\Users\\kevin\\Escritorio\\AYD1_P1_G1\\backend\\src\\utils\\db.js","statementMap":{"0":{"start":{"line":1,"column":14},"end":{"line":1,"column":31}},"1":{"start":{"line":2,"column":20},"end":{"line":2,"column":47}},"2":{"start":{"line":7,"column":0},"end":{"line":9,"column":2}},"3":{"start":{"line":8,"column":4},"end":{"line":8,"column":53}},"4":{"start":{"line":12,"column":0},"end":{"line":16,"column":2}},"5":{"start":{"line":13,"column":4},"end":{"line":15,"column":5}},"6":{"start":{"line":14,"column":8},"end":{"line":14,"column":25}},"7":{"start":{"line":18,"column":0},"end":{"line":28,"column":2}},"8":{"start":{"line":19,"column":4},"end":{"line":27,"column":5}},"9":{"start":{"line":21,"column":28},"end":{"line":21,"column":42}},"10":{"start":{"line":22,"column":23},"end":{"line":22,"column":66}},"11":{"start":{"line":23,"column":8},"end":{"line":23,"column":20}},"12":{"start":{"line":25,"column":8},"end":{"line":25,"column":27}},"13":{"start":{"line":26,"column":8},"end":{"line":26,"column":20}}},"fnMap":{"0":{"name":"(anonymous_0)","decl":{"start":{"line":7,"column":23},"end":{"line":7,"column":24}},"loc":{"start":{"line":7,"column":35},"end":{"line":9,"column":1}},"line":7},"1":{"name":"(anonymous_1)","decl":{"start":{"line":12,"column":23},"end":{"line":12,"column":24}},"loc":{"start":{"line":12,"column":35},"end":{"line":16,"column":1}},"line":12},"2":{"name":"(anonymous_2)","decl":{"start":{"line":18,"column":22},"end":{"line":18,"column":23}},"loc":{"start":{"line":18,"column":55},"end":{"line":28,"column":1}},"line":18}},"branchMap":{"0":{"loc":{"start":{"line":13,"column":4},"end":{"line":15,"column":5}},"type":"if","locations":[{"start":{"line":13,"column":4},"end":{"line":15,"column":5}},{"start":{},"end":{}}],"line":13},"1":{"loc":{"start":{"line":18,"column":40},"end":{"line":18,"column":50}},"type":"default-arg","locations":[{"start":{"line":18,"column":48},"end":{"line":18,"column":50}}],"line":18}},"s":{"0":1,"1":1,"2":1,"3":1,"4":1,"5":0,"6":0,"7":1,"8":0,"9":0,"10":0,"11":0,"12":0,"13":0},"f":{"0":1,"1":0,"2":0},"b":{"0":[0,0],"1":[0]},"_coverageSchema":"1a1c01bbd47fc00a2c39e90264f33305004495a9","hash":"03c9ffd46ff8a2bcbd7ae45488ab4a2f2b90ab77"}
,"C:\\Users\\kevin\\Escritorio\\AYD1_P1_G1\\backend\\src\\utils\\multerS3.js": {"path":"C:\\Users\\kevin\\Escritorio\\AYD1_P1_G1\\backend\\src\\utils\\multerS3.js","statementMap":{"0":{"start":{"line":1,"column":15},"end":{"line":1,"column":32}},"1":{"start":{"line":2,"column":17},"end":{"line":2,"column":37}},"2":{"start":{"line":3,"column":17},"end":{"line":3,"column":46}},"3":{"start":{"line":4,"column":23},"end":{"line":4,"column":38}},"4":{"start":{"line":8,"column":0},"end":{"line":22,"column":2}},"5":{"start":{"line":15,"column":10},"end":{"line":15,"column":50}},"6":{"start":{"line":18,"column":10},"end":{"line":18,"column":52}}},"fnMap":{"0":{"name":"(anonymous_0)","decl":{"start":{"line":14,"column":18},"end":{"line":14,"column":19}},"loc":{"start":{"line":14,"column":43},"end":{"line":16,"column":9}},"line":14},"1":{"name":"(anonymous_1)","decl":{"start":{"line":17,"column":13},"end":{"line":17,"column":14}},"loc":{"start":{"line":17,"column":38},"end":{"line":19,"column":11}},"line":17}},"branchMap":{},"s":{"0":1,"1":1,"2":1,"3":1,"4":1,"5":0,"6":0},"f":{"0":0,"1":0},"b":{},"_coverageSchema":"1a1c01bbd47fc00a2c39e90264f33305004495a9","hash":"eaab1c176f522bfac3beedd31147c38fe155294a"}
}
